2025-05-11 23:02:10,936 - INFO - 进程 0 启动，处理城市数量: 799
2025-05-11 23:02:10,937 - INFO - 进程 1 启动，处理城市数量: 799
2025-05-11 23:02:10,937 - INFO - 进程 2 启动，处理城市数量: 798
2025-05-11 23:02:10,937 - INFO - 进程 3 启动，处理城市数量: 798
2025-05-11 23:02:11,008 - INFO - 密钥列表已刷新
2025-05-11 23:02:11,009 - INFO - 密钥列表已刷新
2025-05-11 23:02:11,012 - INFO - 密钥列表已刷新
2025-05-11 23:02:11,012 - INFO - 密钥列表已刷新
2025-05-11 23:02:18,804 - INFO - [进程 3] 进度: 100/798 个城市
2025-05-11 23:02:18,864 - INFO - [进程 2] 进度: 100/798 个城市
2025-05-11 23:02:18,873 - INFO - [进程 1] 进度: 100/799 个城市
2025-05-11 23:02:18,920 - INFO - [进程 0] 进度: 100/799 个城市
2025-05-11 23:02:26,906 - INFO - [进程 3] 进度: 200/798 个城市
2025-05-11 23:02:26,940 - INFO - [进程 2] 进度: 200/798 个城市
2025-05-11 23:02:26,970 - INFO - [进程 1] 进度: 200/799 个城市
2025-05-11 23:02:26,990 - INFO - [进程 0] 进度: 200/799 个城市
2025-05-12 08:16:13,159 - INFO - 进程 1 启动，处理城市数量: 799
2025-05-12 08:16:13,159 - INFO - 进程 0 启动，处理城市数量: 799
2025-05-12 08:16:13,159 - INFO - 进程 2 启动，处理城市数量: 798
2025-05-12 08:16:13,161 - INFO - 进程 3 启动，处理城市数量: 798
2025-05-12 08:16:13,251 - INFO - 密钥列表已刷新
2025-05-12 08:16:13,251 - INFO - 密钥列表已刷新
2025-05-12 08:16:13,256 - INFO - 密钥列表已刷新
2025-05-12 08:16:13,256 - INFO - 密钥列表已刷新
2025-05-22 10:32:51,914 - INFO - 进程 0 启动，处理城市数量: 799
2025-05-22 10:32:51,914 - INFO - 进程 1 启动，处理城市数量: 799
2025-05-22 10:32:51,915 - INFO - 进程 2 启动，处理城市数量: 798
2025-05-22 10:32:51,917 - INFO - 进程 3 启动，处理城市数量: 798
2025-05-22 10:32:52,024 - INFO - 密钥列表已刷新
2025-05-22 10:32:52,027 - INFO - 密钥列表已刷新
2025-05-22 10:32:52,027 - INFO - 密钥列表已刷新
2025-05-22 10:32:52,029 - INFO - 密钥列表已刷新
2025-05-22 10:32:52,502 - WARNING - API返回错误: CUQPS_HAS_EXCEEDED_THE_LIMIT
2025-05-22 10:32:52,520 - WARNING - API返回错误: CUQPS_HAS_EXCEEDED_THE_LIMIT
2025-05-22 10:32:55,329 - WARNING - API返回错误: CUQPS_HAS_EXCEEDED_THE_LIMIT
2025-05-22 10:32:55,472 - WARNING - API返回错误: CUQPS_HAS_EXCEEDED_THE_LIMIT
2025-05-22 10:32:55,486 - WARNING - API返回错误: CUQPS_HAS_EXCEEDED_THE_LIMIT
2025-05-22 10:32:55,580 - WARNING - API返回错误: CUQPS_HAS_EXCEEDED_THE_LIMIT
2025-05-22 10:32:58,196 - WARNING - API返回错误: CUQPS_HAS_EXCEEDED_THE_LIMIT
2025-05-22 10:32:58,231 - WARNING - API返回错误: CUQPS_HAS_EXCEEDED_THE_LIMIT
2025-05-22 10:32:58,287 - WARNING - API返回错误: CUQPS_HAS_EXCEEDED_THE_LIMIT
2025-05-22 10:32:58,559 - WARNING - API返回错误: CUQPS_HAS_EXCEEDED_THE_LIMIT
2025-05-22 10:33:01,026 - WARNING - API返回错误: CUQPS_HAS_EXCEEDED_THE_LIMIT
2025-05-22 10:33:01,206 - WARNING - API返回错误: CUQPS_HAS_EXCEEDED_THE_LIMIT
2025-05-22 10:33:01,298 - WARNING - API返回错误: CUQPS_HAS_EXCEEDED_THE_LIMIT
2025-05-22 10:33:01,331 - WARNING - API返回错误: CUQPS_HAS_EXCEEDED_THE_LIMIT
2025-05-22 10:33:04,068 - WARNING - API返回错误: CUQPS_HAS_EXCEEDED_THE_LIMIT
2025-05-22 10:33:04,087 - WARNING - API返回错误: CUQPS_HAS_EXCEEDED_THE_LIMIT
2025-05-22 10:33:04,103 - WARNING - API返回错误: CUQPS_HAS_EXCEEDED_THE_LIMIT
2025-05-22 10:33:04,143 - WARNING - API返回错误: CUQPS_HAS_EXCEEDED_THE_LIMIT
2025-05-22 10:40:11,966 - INFO - 进程 0 启动，处理城市数量: 799
2025-05-22 10:40:11,966 - INFO - 进程 1 启动，处理城市数量: 799
2025-05-22 10:40:11,966 - INFO - 进程 2 启动，处理城市数量: 798
2025-05-22 10:40:11,967 - INFO - 进程 3 启动，处理城市数量: 798
2025-05-22 10:40:12,060 - INFO - 密钥列表已刷新
2025-05-22 10:40:12,060 - INFO - 密钥列表已刷新
2025-05-22 10:40:12,063 - INFO - 密钥列表已刷新
2025-05-22 10:40:12,064 - INFO - 密钥列表已刷新
2025-05-22 10:40:12,340 - WARNING - API返回错误: CUQPS_HAS_EXCEEDED_THE_LIMIT
2025-05-22 10:40:12,500 - WARNING - API返回错误: CUQPS_HAS_EXCEEDED_THE_LIMIT
2025-05-22 10:40:12,603 - WARNING - API返回错误: CUQPS_HAS_EXCEEDED_THE_LIMIT
2025-05-22 10:40:14,591 - WARNING - API返回错误: CUQPS_HAS_EXCEEDED_THE_LIMIT
2025-05-22 10:40:14,658 - WARNING - API返回错误: CUQPS_HAS_EXCEEDED_THE_LIMIT
2025-05-22 10:40:14,730 - WARNING - API返回错误: CUQPS_HAS_EXCEEDED_THE_LIMIT
2025-05-22 10:40:16,993 - WARNING - API返回错误: CUQPS_HAS_EXCEEDED_THE_LIMIT
2025-05-22 10:40:17,381 - WARNING - API返回错误: CUQPS_HAS_EXCEEDED_THE_LIMIT
2025-05-22 10:40:17,391 - WARNING - API返回错误: CUQPS_HAS_EXCEEDED_THE_LIMIT
2025-05-22 10:40:17,391 - WARNING - API返回错误: CUQPS_HAS_EXCEEDED_THE_LIMIT
2025-05-22 10:40:19,698 - WARNING - API返回错误: CUQPS_HAS_EXCEEDED_THE_LIMIT
2025-05-22 10:40:19,775 - WARNING - API返回错误: CUQPS_HAS_EXCEEDED_THE_LIMIT
2025-05-22 10:40:19,775 - WARNING - API返回错误: CUQPS_HAS_EXCEEDED_THE_LIMIT
2025-05-22 10:40:19,776 - WARNING - API返回错误: CUQPS_HAS_EXCEEDED_THE_LIMIT
2025-05-22 10:40:22,015 - WARNING - API返回错误: CUQPS_HAS_EXCEEDED_THE_LIMIT
2025-05-22 10:40:22,074 - WARNING - API返回错误: CUQPS_HAS_EXCEEDED_THE_LIMIT
2025-05-22 10:40:22,316 - WARNING - API返回错误: CUQPS_HAS_EXCEEDED_THE_LIMIT
2025-05-22 10:40:23,713 - WARNING - API返回错误: CUQPS_HAS_EXCEEDED_THE_LIMIT
2025-05-22 10:40:24,387 - WARNING - API返回错误: CUQPS_HAS_EXCEEDED_THE_LIMIT
2025-05-22 10:40:24,664 - WARNING - API返回错误: CUQPS_HAS_EXCEEDED_THE_LIMIT
2025-05-22 10:40:24,788 - WARNING - API返回错误: CUQPS_HAS_EXCEEDED_THE_LIMIT
2025-05-22 10:40:26,614 - WARNING - API返回错误: CUQPS_HAS_EXCEEDED_THE_LIMIT
2025-05-22 10:40:26,665 - WARNING - API返回错误: CUQPS_HAS_EXCEEDED_THE_LIMIT
2025-05-22 10:40:27,274 - WARNING - API返回错误: CUQPS_HAS_EXCEEDED_THE_LIMIT
2025-05-22 10:40:27,626 - WARNING - API返回错误: CUQPS_HAS_EXCEEDED_THE_LIMIT
2025-05-22 10:40:29,470 - WARNING - API返回错误: CUQPS_HAS_EXCEEDED_THE_LIMIT
2025-05-22 10:40:29,700 - WARNING - API返回错误: CUQPS_HAS_EXCEEDED_THE_LIMIT
2025-05-22 10:40:29,743 - WARNING - API返回错误: CUQPS_HAS_EXCEEDED_THE_LIMIT
2025-05-22 10:40:32,007 - WARNING - API返回错误: CUQPS_HAS_EXCEEDED_THE_LIMIT
2025-05-22 10:40:32,116 - WARNING - API返回错误: CUQPS_HAS_EXCEEDED_THE_LIMIT
2025-05-22 10:40:32,340 - WARNING - API返回错误: CUQPS_HAS_EXCEEDED_THE_LIMIT
2025-05-22 10:40:32,359 - WARNING - API返回错误: CUQPS_HAS_EXCEEDED_THE_LIMIT
2025-05-22 10:40:34,599 - WARNING - API返回错误: CUQPS_HAS_EXCEEDED_THE_LIMIT
2025-05-22 10:40:34,614 - WARNING - API返回错误: CUQPS_HAS_EXCEEDED_THE_LIMIT
2025-05-22 10:40:35,450 - WARNING - API返回错误: CUQPS_HAS_EXCEEDED_THE_LIMIT
2025-05-22 10:40:35,460 - WARNING - API返回错误: CUQPS_HAS_EXCEEDED_THE_LIMIT
2025-05-22 10:40:37,321 - WARNING - API返回错误: CUQPS_HAS_EXCEEDED_THE_LIMIT
2025-05-22 10:40:37,532 - WARNING - API返回错误: CUQPS_HAS_EXCEEDED_THE_LIMIT
2025-05-22 10:40:37,932 - INFO - [进程 2] 进度: 100/798 个城市
2025-05-22 10:40:38,589 - WARNING - API返回错误: CUQPS_HAS_EXCEEDED_THE_LIMIT
2025-05-22 10:40:39,707 - WARNING - API返回错误: CUQPS_HAS_EXCEEDED_THE_LIMIT
2025-05-22 10:40:39,725 - WARNING - API返回错误: CUQPS_HAS_EXCEEDED_THE_LIMIT
2025-05-22 10:40:40,729 - WARNING - API返回错误: CUQPS_HAS_EXCEEDED_THE_LIMIT
2025-05-22 10:40:42,361 - WARNING - API返回错误: CUQPS_HAS_EXCEEDED_THE_LIMIT
2025-05-22 10:40:42,450 - WARNING - API返回错误: CUQPS_HAS_EXCEEDED_THE_LIMIT
2025-05-22 10:40:43,260 - INFO - [进程 0] 进度: 100/799 个城市
2025-05-22 10:40:43,614 - WARNING - API返回错误: CUQPS_HAS_EXCEEDED_THE_LIMIT
2025-05-22 10:40:44,606 - WARNING - API返回错误: CUQPS_HAS_EXCEEDED_THE_LIMIT
2025-05-22 10:40:44,667 - WARNING - API返回错误: CUQPS_HAS_EXCEEDED_THE_LIMIT
2025-05-22 10:40:44,691 - WARNING - API返回错误: CUQPS_HAS_EXCEEDED_THE_LIMIT
2025-05-22 10:40:45,701 - INFO - [进程 1] 进度: 100/799 个城市
2025-05-22 10:40:46,606 - WARNING - API返回错误: CUQPS_HAS_EXCEEDED_THE_LIMIT
2025-05-22 10:40:46,752 - WARNING - API返回错误: CUQPS_HAS_EXCEEDED_THE_LIMIT
2025-05-22 10:40:47,148 - WARNING - API返回错误: CUQPS_HAS_EXCEEDED_THE_LIMIT
2025-05-22 10:40:47,306 - INFO - [进程 3] 进度: 100/798 个城市
2025-05-22 10:40:47,707 - WARNING - API返回错误: CUQPS_HAS_EXCEEDED_THE_LIMIT
2025-05-22 10:40:49,175 - WARNING - API返回错误: CUQPS_HAS_EXCEEDED_THE_LIMIT
2025-05-22 10:40:49,231 - WARNING - API返回错误: CUQPS_HAS_EXCEEDED_THE_LIMIT
2025-05-22 10:40:49,648 - WARNING - API返回错误: CUQPS_HAS_EXCEEDED_THE_LIMIT
2025-05-22 10:45:44,849 - INFO - 进程 0 启动，处理城市数量: 1065
2025-05-22 10:45:44,852 - INFO - 进程 1 启动，处理城市数量: 1065
2025-05-22 10:45:44,853 - INFO - 进程 2 启动，处理城市数量: 1064
2025-05-22 10:45:45,092 - INFO - 密钥列表已刷新
2025-05-22 10:45:45,092 - INFO - 密钥列表已刷新
2025-05-22 10:45:45,093 - INFO - 密钥列表已刷新
2025-05-22 10:45:45,541 - WARNING - API返回错误: CUQPS_HAS_EXCEEDED_THE_LIMIT
2025-05-22 10:45:45,602 - WARNING - API返回错误: CUQPS_HAS_EXCEEDED_THE_LIMIT
2025-05-22 10:45:45,659 - WARNING - API返回错误: CUQPS_HAS_EXCEEDED_THE_LIMIT
2025-05-22 10:45:48,064 - WARNING - API返回错误: CUQPS_HAS_EXCEEDED_THE_LIMIT
2025-05-22 10:45:48,194 - WARNING - API返回错误: CUQPS_HAS_EXCEEDED_THE_LIMIT
2025-05-22 10:45:48,672 - WARNING - API返回错误: CUQPS_HAS_EXCEEDED_THE_LIMIT
2025-05-22 10:45:50,647 - WARNING - API返回错误: CUQPS_HAS_EXCEEDED_THE_LIMIT
2025-05-22 10:45:50,743 - WARNING - API返回错误: CUQPS_HAS_EXCEEDED_THE_LIMIT
2025-05-22 10:45:51,788 - WARNING - API返回错误: CUQPS_HAS_EXCEEDED_THE_LIMIT
2025-05-22 10:45:52,961 - WARNING - API返回错误: CUQPS_HAS_EXCEEDED_THE_LIMIT
2025-05-22 10:45:53,136 - WARNING - API返回错误: CUQPS_HAS_EXCEEDED_THE_LIMIT
2025-05-22 10:45:55,361 - WARNING - API返回错误: CUQPS_HAS_EXCEEDED_THE_LIMIT
2025-05-22 10:45:55,701 - WARNING - API返回错误: CUQPS_HAS_EXCEEDED_THE_LIMIT
2025-05-22 10:45:56,198 - WARNING - API返回错误: CUQPS_HAS_EXCEEDED_THE_LIMIT
2025-05-22 10:45:58,403 - WARNING - API返回错误: CUQPS_HAS_EXCEEDED_THE_LIMIT
2025-05-22 10:45:58,437 - WARNING - API返回错误: CUQPS_HAS_EXCEEDED_THE_LIMIT
2025-05-22 10:45:59,777 - WARNING - API返回错误: CUQPS_HAS_EXCEEDED_THE_LIMIT
2025-05-22 10:46:01,284 - WARNING - API返回错误: CUQPS_HAS_EXCEEDED_THE_LIMIT
2025-05-22 10:46:02,438 - WARNING - API返回错误: CUQPS_HAS_EXCEEDED_THE_LIMIT
2025-05-22 10:46:02,786 - WARNING - API返回错误: CUQPS_HAS_EXCEEDED_THE_LIMIT
2025-05-22 10:46:04,736 - WARNING - API返回错误: CUQPS_HAS_EXCEEDED_THE_LIMIT
2025-05-22 10:46:04,749 - WARNING - API返回错误: CUQPS_HAS_EXCEEDED_THE_LIMIT
2025-05-22 10:46:05,595 - WARNING - API返回错误: CUQPS_HAS_EXCEEDED_THE_LIMIT
2025-05-22 10:46:07,617 - WARNING - API返回错误: CUQPS_HAS_EXCEEDED_THE_LIMIT
2025-05-22 10:46:07,672 - WARNING - API返回错误: CUQPS_HAS_EXCEEDED_THE_LIMIT
2025-05-22 10:46:07,673 - WARNING - API返回错误: CUQPS_HAS_EXCEEDED_THE_LIMIT
2025-05-22 10:46:09,711 - INFO - [进程 1] 进度: 100/1065 个城市
2025-05-22 10:46:10,028 - WARNING - API返回错误: CUQPS_HAS_EXCEEDED_THE_LIMIT
2025-05-22 10:46:10,087 - WARNING - API返回错误: CUQPS_HAS_EXCEEDED_THE_LIMIT
2025-05-22 10:46:10,493 - WARNING - API返回错误: CUQPS_HAS_EXCEEDED_THE_LIMIT
2025-05-22 10:46:12,581 - WARNING - API返回错误: CUQPS_HAS_EXCEEDED_THE_LIMIT
2025-05-22 10:46:12,674 - WARNING - API返回错误: CUQPS_HAS_EXCEEDED_THE_LIMIT
2025-05-22 10:46:14,212 - INFO - [进程 0] 进度: 100/1065 个城市
2025-05-22 10:46:15,000 - WARNING - API返回错误: CUQPS_HAS_EXCEEDED_THE_LIMIT
2025-05-22 10:46:15,556 - WARNING - API返回错误: CUQPS_HAS_EXCEEDED_THE_LIMIT
2025-05-22 10:46:16,503 - WARNING - API返回错误: CUQPS_HAS_EXCEEDED_THE_LIMIT
2025-05-22 10:46:18,104 - INFO - [进程 2] 进度: 100/1064 个城市
2025-05-22 10:46:18,519 - WARNING - API返回错误: CUQPS_HAS_EXCEEDED_THE_LIMIT
2025-05-22 10:46:18,641 - WARNING - API返回错误: CUQPS_HAS_EXCEEDED_THE_LIMIT
2025-05-22 10:46:18,742 - WARNING - API返回错误: CUQPS_HAS_EXCEEDED_THE_LIMIT
2025-05-22 10:46:21,133 - WARNING - API返回错误: CUQPS_HAS_EXCEEDED_THE_LIMIT
2025-05-22 10:46:21,270 - WARNING - API返回错误: CUQPS_HAS_EXCEEDED_THE_LIMIT
2025-05-22 10:46:21,287 - WARNING - API返回错误: CUQPS_HAS_EXCEEDED_THE_LIMIT
2025-05-22 10:46:23,377 - WARNING - API返回错误: CUQPS_HAS_EXCEEDED_THE_LIMIT
2025-05-22 10:46:23,758 - WARNING - API返回错误: CUQPS_HAS_EXCEEDED_THE_LIMIT
2025-05-22 10:46:25,655 - WARNING - API返回错误: CUQPS_HAS_EXCEEDED_THE_LIMIT
2025-05-22 10:46:26,328 - WARNING - API返回错误: CUQPS_HAS_EXCEEDED_THE_LIMIT
2025-05-22 10:46:26,438 - WARNING - API返回错误: CUQPS_HAS_EXCEEDED_THE_LIMIT
2025-05-22 10:46:28,416 - WARNING - API返回错误: CUQPS_HAS_EXCEEDED_THE_LIMIT
2025-05-22 10:46:28,478 - WARNING - API返回错误: CUQPS_HAS_EXCEEDED_THE_LIMIT
2025-05-22 10:46:28,754 - WARNING - API返回错误: CUQPS_HAS_EXCEEDED_THE_LIMIT
2025-05-22 10:46:31,227 - WARNING - API返回错误: CUQPS_HAS_EXCEEDED_THE_LIMIT
2025-05-22 10:46:31,389 - WARNING - API返回错误: CUQPS_HAS_EXCEEDED_THE_LIMIT
2025-05-22 10:46:31,719 - WARNING - API返回错误: CUQPS_HAS_EXCEEDED_THE_LIMIT
2025-05-22 10:46:34,318 - WARNING - API返回错误: CUQPS_HAS_EXCEEDED_THE_LIMIT
2025-05-22 10:46:34,486 - WARNING - API返回错误: CUQPS_HAS_EXCEEDED_THE_LIMIT
2025-05-22 10:46:34,565 - WARNING - API返回错误: CUQPS_HAS_EXCEEDED_THE_LIMIT
2025-05-22 10:46:37,207 - INFO - [进程 0] 进度: 200/1065 个城市
2025-05-22 10:46:37,232 - WARNING - API返回错误: CUQPS_HAS_EXCEEDED_THE_LIMIT
2025-05-22 10:46:37,563 - WARNING - API返回错误: CUQPS_HAS_EXCEEDED_THE_LIMIT
2025-05-22 10:46:37,618 - WARNING - API返回错误: CUQPS_HAS_EXCEEDED_THE_LIMIT
2025-05-22 10:46:40,357 - WARNING - API返回错误: CUQPS_HAS_EXCEEDED_THE_LIMIT
2025-05-22 10:46:40,525 - WARNING - API返回错误: CUQPS_HAS_EXCEEDED_THE_LIMIT
2025-05-22 10:46:40,609 - WARNING - API返回错误: CUQPS_HAS_EXCEEDED_THE_LIMIT
2025-05-22 10:46:43,101 - INFO - [进程 1] 进度: 200/1065 个城市
2025-05-22 10:46:43,193 - WARNING - API返回错误: CUQPS_HAS_EXCEEDED_THE_LIMIT
2025-05-22 10:46:43,574 - WARNING - API返回错误: CUQPS_HAS_EXCEEDED_THE_LIMIT
2025-05-22 10:46:45,504 - INFO - [进程 2] 进度: 200/1064 个城市
2025-05-22 10:46:45,734 - WARNING - API返回错误: CUQPS_HAS_EXCEEDED_THE_LIMIT
2025-05-22 10:46:45,737 - WARNING - API返回错误: CUQPS_HAS_EXCEEDED_THE_LIMIT
2025-05-22 10:46:48,246 - WARNING - API返回错误: CUQPS_HAS_EXCEEDED_THE_LIMIT
2025-05-22 10:46:48,248 - WARNING - API返回错误: CUQPS_HAS_EXCEEDED_THE_LIMIT
2025-05-22 10:46:48,605 - WARNING - API返回错误: CUQPS_HAS_EXCEEDED_THE_LIMIT
2025-05-22 10:46:50,708 - WARNING - API返回错误: CUQPS_HAS_EXCEEDED_THE_LIMIT
2025-05-22 10:46:51,110 - WARNING - API返回错误: CUQPS_HAS_EXCEEDED_THE_LIMIT
2025-05-22 10:46:51,666 - WARNING - API返回错误: CUQPS_HAS_EXCEEDED_THE_LIMIT
2025-05-22 10:46:53,594 - WARNING - API返回错误: CUQPS_HAS_EXCEEDED_THE_LIMIT
2025-05-22 10:46:53,687 - WARNING - API返回错误: CUQPS_HAS_EXCEEDED_THE_LIMIT
2025-05-22 10:46:55,771 - WARNING - API返回错误: CUQPS_HAS_EXCEEDED_THE_LIMIT
2025-05-22 10:46:56,766 - WARNING - API返回错误: CUQPS_HAS_EXCEEDED_THE_LIMIT
2025-05-22 10:46:58,454 - WARNING - API返回错误: CUQPS_HAS_EXCEEDED_THE_LIMIT
2025-05-22 10:46:58,471 - INFO - [进程 0] 进度: 300/1065 个城市
2025-05-22 10:46:59,432 - WARNING - API返回错误: CUQPS_HAS_EXCEEDED_THE_LIMIT
2025-05-22 10:46:59,583 - WARNING - API返回错误: CUQPS_HAS_EXCEEDED_THE_LIMIT
2025-05-22 10:47:01,652 - WARNING - API返回错误: CUQPS_HAS_EXCEEDED_THE_LIMIT
2025-05-22 10:47:02,271 - WARNING - API返回错误: CUQPS_HAS_EXCEEDED_THE_LIMIT
2025-05-22 10:47:02,705 - WARNING - API返回错误: CUQPS_HAS_EXCEEDED_THE_LIMIT
2025-05-22 10:47:04,378 - WARNING - API返回错误: CUQPS_HAS_EXCEEDED_THE_LIMIT
2025-05-22 10:47:04,395 - WARNING - API返回错误: CUQPS_HAS_EXCEEDED_THE_LIMIT
2025-05-22 10:47:06,569 - WARNING - API返回错误: CUQPS_HAS_EXCEEDED_THE_LIMIT
2025-05-22 10:47:06,589 - INFO - [进程 1] 进度: 300/1065 个城市
2025-05-22 10:47:06,675 - WARNING - API返回错误: CUQPS_HAS_EXCEEDED_THE_LIMIT
2025-05-22 10:47:09,334 - WARNING - API返回错误: CUQPS_HAS_EXCEEDED_THE_LIMIT
2025-05-22 10:47:09,357 - WARNING - API返回错误: CUQPS_HAS_EXCEEDED_THE_LIMIT
2025-05-22 10:47:09,462 - WARNING - API返回错误: CUQPS_HAS_EXCEEDED_THE_LIMIT
2025-05-22 10:47:12,409 - WARNING - API返回错误: CUQPS_HAS_EXCEEDED_THE_LIMIT
2025-05-22 10:47:12,524 - WARNING - API返回错误: CUQPS_HAS_EXCEEDED_THE_LIMIT
2025-05-22 10:47:12,779 - WARNING - API返回错误: CUQPS_HAS_EXCEEDED_THE_LIMIT
2025-05-22 10:47:15,328 - WARNING - API返回错误: CUQPS_HAS_EXCEEDED_THE_LIMIT
2025-05-22 10:47:15,443 - WARNING - API返回错误: CUQPS_HAS_EXCEEDED_THE_LIMIT
2025-05-22 10:47:15,507 - WARNING - API返回错误: CUQPS_HAS_EXCEEDED_THE_LIMIT
2025-05-22 10:47:18,236 - WARNING - API返回错误: CUQPS_HAS_EXCEEDED_THE_LIMIT
2025-05-22 10:47:18,256 - WARNING - API返回错误: CUQPS_HAS_EXCEEDED_THE_LIMIT
2025-05-22 10:47:18,435 - WARNING - API返回错误: CUQPS_HAS_EXCEEDED_THE_LIMIT
2025-05-22 10:47:21,265 - WARNING - API返回错误: CUQPS_HAS_EXCEEDED_THE_LIMIT
2025-05-22 10:47:21,434 - WARNING - API返回错误: CUQPS_HAS_EXCEEDED_THE_LIMIT
2025-05-22 10:47:21,581 - WARNING - API返回错误: CUQPS_HAS_EXCEEDED_THE_LIMIT
2025-05-22 10:47:23,875 - INFO - [进程 2] 进度: 300/1064 个城市
2025-05-22 10:47:24,733 - WARNING - API返回错误: CUQPS_HAS_EXCEEDED_THE_LIMIT
2025-05-22 10:47:25,289 - WARNING - API返回错误: CUQPS_HAS_EXCEEDED_THE_LIMIT
2025-05-22 10:47:26,308 - INFO - [进程 1] 进度: 400/1065 个城市
2025-05-22 10:47:26,653 - WARNING - API返回错误: CUQPS_HAS_EXCEEDED_THE_LIMIT
2025-05-22 10:47:27,377 - WARNING - API返回错误: CUQPS_HAS_EXCEEDED_THE_LIMIT
2025-05-22 10:47:28,695 - INFO - [进程 0] 进度: 400/1065 个城市
2025-05-22 10:47:29,462 - WARNING - API返回错误: CUQPS_HAS_EXCEEDED_THE_LIMIT
2025-05-22 10:47:29,552 - WARNING - API返回错误: CUQPS_HAS_EXCEEDED_THE_LIMIT
2025-05-22 10:47:29,564 - WARNING - API返回错误: CUQPS_HAS_EXCEEDED_THE_LIMIT
2025-05-22 10:47:29,707 - WARNING - API返回错误: CUQPS_HAS_EXCEEDED_THE_LIMIT
2025-05-22 10:47:32,028 - WARNING - API返回错误: CUQPS_HAS_EXCEEDED_THE_LIMIT
2025-05-22 10:47:32,628 - WARNING - API返回错误: CUQPS_HAS_EXCEEDED_THE_LIMIT
2025-05-22 10:47:32,732 - WARNING - API返回错误: CUQPS_HAS_EXCEEDED_THE_LIMIT
2025-05-22 10:47:34,656 - WARNING - API返回错误: CUQPS_HAS_EXCEEDED_THE_LIMIT
2025-05-22 10:47:35,417 - WARNING - API返回错误: CUQPS_HAS_EXCEEDED_THE_LIMIT
2025-05-22 10:47:37,425 - WARNING - API返回错误: CUQPS_HAS_EXCEEDED_THE_LIMIT
2025-05-22 10:47:37,516 - WARNING - API返回错误: CUQPS_HAS_EXCEEDED_THE_LIMIT
2025-05-22 10:47:37,591 - WARNING - API返回错误: CUQPS_HAS_EXCEEDED_THE_LIMIT
2025-05-22 10:47:40,306 - WARNING - API返回错误: CUQPS_HAS_EXCEEDED_THE_LIMIT
2025-05-22 10:47:40,568 - WARNING - API返回错误: CUQPS_HAS_EXCEEDED_THE_LIMIT
2025-05-22 10:47:40,662 - WARNING - API返回错误: CUQPS_HAS_EXCEEDED_THE_LIMIT
2025-05-22 10:47:43,326 - WARNING - API返回错误: CUQPS_HAS_EXCEEDED_THE_LIMIT
2025-05-22 10:47:43,393 - WARNING - API返回错误: CUQPS_HAS_EXCEEDED_THE_LIMIT
2025-05-22 10:47:43,519 - WARNING - API返回错误: CUQPS_HAS_EXCEEDED_THE_LIMIT
2025-05-22 10:47:46,299 - WARNING - API返回错误: CUQPS_HAS_EXCEEDED_THE_LIMIT
2025-05-22 10:47:46,353 - WARNING - API返回错误: CUQPS_HAS_EXCEEDED_THE_LIMIT
2025-05-22 10:47:47,421 - WARNING - API返回错误: CUQPS_HAS_EXCEEDED_THE_LIMIT
2025-05-22 10:47:48,759 - WARNING - API返回错误: CUQPS_HAS_EXCEEDED_THE_LIMIT
2025-05-22 10:47:50,425 - WARNING - API返回错误: CUQPS_HAS_EXCEEDED_THE_LIMIT
2025-05-22 10:47:50,487 - WARNING - API返回错误: CUQPS_HAS_EXCEEDED_THE_LIMIT
2025-05-22 10:47:53,850 - INFO - [进程 2] 进度: 400/1064 个城市
2025-05-22 10:47:54,317 - WARNING - API返回错误: CUQPS_HAS_EXCEEDED_THE_LIMIT
2025-05-22 10:47:54,339 - WARNING - API返回错误: CUQPS_HAS_EXCEEDED_THE_LIMIT
2025-05-22 10:47:54,360 - WARNING - API返回错误: CUQPS_HAS_EXCEEDED_THE_LIMIT
2025-05-22 10:47:56,648 - WARNING - API返回错误: CUQPS_HAS_EXCEEDED_THE_LIMIT
2025-05-22 10:47:57,559 - WARNING - API返回错误: CUQPS_HAS_EXCEEDED_THE_LIMIT
2025-05-22 10:47:57,560 - WARNING - API返回错误: CUQPS_HAS_EXCEEDED_THE_LIMIT
2025-05-22 10:48:00,059 - INFO - [进程 1] 进度: 500/1065 个城市
2025-05-22 10:48:00,097 - INFO - [进程 0] 进度: 500/1065 个城市
2025-05-22 10:48:00,318 - WARNING - API返回错误: CUQPS_HAS_EXCEEDED_THE_LIMIT
2025-05-22 10:48:00,573 - WARNING - API返回错误: CUQPS_HAS_EXCEEDED_THE_LIMIT
2025-05-22 10:48:00,691 - WARNING - API返回错误: CUQPS_HAS_EXCEEDED_THE_LIMIT
2025-05-22 10:48:03,476 - WARNING - API返回错误: CUQPS_HAS_EXCEEDED_THE_LIMIT
2025-05-22 10:48:03,510 - WARNING - API返回错误: CUQPS_HAS_EXCEEDED_THE_LIMIT
2025-05-22 10:48:05,720 - WARNING - API返回错误: CUQPS_HAS_EXCEEDED_THE_LIMIT
2025-05-22 10:48:05,732 - WARNING - API返回错误: CUQPS_HAS_EXCEEDED_THE_LIMIT
2025-05-22 10:48:08,260 - WARNING - API返回错误: CUQPS_HAS_EXCEEDED_THE_LIMIT
2025-05-22 10:48:08,495 - WARNING - API返回错误: CUQPS_HAS_EXCEEDED_THE_LIMIT
2025-05-22 10:48:08,639 - WARNING - API返回错误: CUQPS_HAS_EXCEEDED_THE_LIMIT
2025-05-22 10:48:11,743 - WARNING - API返回错误: CUQPS_HAS_EXCEEDED_THE_LIMIT
2025-05-22 10:48:12,636 - WARNING - API返回错误: CUQPS_HAS_EXCEEDED_THE_LIMIT
2025-05-22 10:48:12,675 - WARNING - API返回错误: CUQPS_HAS_EXCEEDED_THE_LIMIT
2025-05-22 10:48:14,755 - WARNING - API返回错误: CUQPS_HAS_EXCEEDED_THE_LIMIT
2025-05-22 10:48:15,129 - WARNING - API返回错误: CUQPS_HAS_EXCEEDED_THE_LIMIT
2025-05-22 10:48:16,607 - WARNING - API返回错误: CUQPS_HAS_EXCEEDED_THE_LIMIT
2025-05-22 10:48:17,537 - WARNING - API返回错误: CUQPS_HAS_EXCEEDED_THE_LIMIT
2025-05-22 10:48:17,741 - WARNING - API返回错误: CUQPS_HAS_EXCEEDED_THE_LIMIT
2025-05-22 10:48:20,226 - INFO - [进程 2] 进度: 500/1064 个城市
2025-05-22 10:48:20,287 - WARNING - API返回错误: CUQPS_HAS_EXCEEDED_THE_LIMIT
2025-05-22 10:48:20,335 - WARNING - API返回错误: CUQPS_HAS_EXCEEDED_THE_LIMIT
2025-05-22 10:48:22,606 - WARNING - API返回错误: CUQPS_HAS_EXCEEDED_THE_LIMIT
2025-05-22 10:48:22,664 - WARNING - API返回错误: CUQPS_HAS_EXCEEDED_THE_LIMIT
2025-05-22 10:48:24,569 - WARNING - API返回错误: CUQPS_HAS_EXCEEDED_THE_LIMIT
2025-05-22 10:48:25,709 - WARNING - API返回错误: CUQPS_HAS_EXCEEDED_THE_LIMIT
2025-05-22 10:48:26,987 - INFO - [进程 1] 进度: 600/1065 个城市
2025-05-22 10:48:27,394 - WARNING - API返回错误: CUQPS_HAS_EXCEEDED_THE_LIMIT
2025-05-22 10:48:28,443 - WARNING - API返回错误: CUQPS_HAS_EXCEEDED_THE_LIMIT
2025-05-22 10:48:28,477 - INFO - [进程 0] 进度: 600/1065 个城市
2025-05-22 10:48:29,551 - WARNING - API返回错误: CUQPS_HAS_EXCEEDED_THE_LIMIT
2025-05-22 10:48:31,255 - WARNING - API返回错误: CUQPS_HAS_EXCEEDED_THE_LIMIT
2025-05-22 10:48:31,753 - WARNING - API返回错误: CUQPS_HAS_EXCEEDED_THE_LIMIT
2025-05-22 10:48:34,185 - WARNING - API返回错误: CUQPS_HAS_EXCEEDED_THE_LIMIT
2025-05-22 10:48:34,433 - WARNING - API返回错误: CUQPS_HAS_EXCEEDED_THE_LIMIT
2025-05-22 10:48:34,509 - WARNING - API返回错误: CUQPS_HAS_EXCEEDED_THE_LIMIT
2025-05-22 10:48:37,157 - WARNING - API返回错误: CUQPS_HAS_EXCEEDED_THE_LIMIT
2025-05-22 10:48:37,345 - WARNING - API返回错误: CUQPS_HAS_EXCEEDED_THE_LIMIT
2025-05-22 10:48:37,350 - WARNING - API返回错误: CUQPS_HAS_EXCEEDED_THE_LIMIT
2025-05-22 10:48:39,717 - INFO - [进程 2] 进度: 600/1064 个城市
2025-05-22 10:48:39,723 - WARNING - API返回错误: CUQPS_HAS_EXCEEDED_THE_LIMIT
2025-05-22 10:48:40,645 - WARNING - API返回错误: CUQPS_HAS_EXCEEDED_THE_LIMIT
2025-05-22 10:48:40,699 - WARNING - API返回错误: CUQPS_HAS_EXCEEDED_THE_LIMIT
2025-05-22 10:48:43,141 - WARNING - API返回错误: CUQPS_HAS_EXCEEDED_THE_LIMIT
2025-05-22 10:48:43,318 - WARNING - API返回错误: CUQPS_HAS_EXCEEDED_THE_LIMIT
2025-05-22 10:48:43,483 - WARNING - API返回错误: CUQPS_HAS_EXCEEDED_THE_LIMIT
2025-05-22 10:48:45,973 - WARNING - API返回错误: CUQPS_HAS_EXCEEDED_THE_LIMIT
2025-05-22 10:48:46,243 - WARNING - API返回错误: CUQPS_HAS_EXCEEDED_THE_LIMIT
2025-05-22 10:48:46,442 - WARNING - API返回错误: CUQPS_HAS_EXCEEDED_THE_LIMIT
2025-05-22 10:48:48,770 - WARNING - API返回错误: CUQPS_HAS_EXCEEDED_THE_LIMIT
2025-05-22 10:48:49,500 - WARNING - API返回错误: CUQPS_HAS_EXCEEDED_THE_LIMIT
2025-05-22 10:48:49,597 - WARNING - API返回错误: CUQPS_HAS_EXCEEDED_THE_LIMIT
2025-05-22 10:48:51,597 - INFO - [进程 0] 进度: 700/1065 个城市
2025-05-22 10:48:51,673 - WARNING - API返回错误: CUQPS_HAS_EXCEEDED_THE_LIMIT
2025-05-22 10:48:52,542 - WARNING - API返回错误: CUQPS_HAS_EXCEEDED_THE_LIMIT
2025-05-22 10:48:52,636 - WARNING - API返回错误: CUQPS_HAS_EXCEEDED_THE_LIMIT
2025-05-22 10:48:53,989 - INFO - [进程 1] 进度: 700/1065 个城市
2025-05-22 10:48:55,258 - WARNING - API返回错误: CUQPS_HAS_EXCEEDED_THE_LIMIT
2025-05-22 10:48:55,398 - WARNING - API返回错误: CUQPS_HAS_EXCEEDED_THE_LIMIT
2025-05-22 10:48:55,626 - WARNING - API返回错误: CUQPS_HAS_EXCEEDED_THE_LIMIT
2025-05-22 10:48:58,124 - WARNING - API返回错误: CUQPS_HAS_EXCEEDED_THE_LIMIT
2025-05-22 10:48:58,346 - WARNING - API返回错误: CUQPS_HAS_EXCEEDED_THE_LIMIT
2025-05-22 10:48:58,696 - WARNING - API返回错误: CUQPS_HAS_EXCEEDED_THE_LIMIT
2025-05-22 10:49:01,159 - WARNING - API返回错误: CUQPS_HAS_EXCEEDED_THE_LIMIT
2025-05-22 10:49:01,331 - WARNING - API返回错误: CUQPS_HAS_EXCEEDED_THE_LIMIT
2025-05-22 10:49:01,624 - WARNING - API返回错误: CUQPS_HAS_EXCEEDED_THE_LIMIT
2025-05-22 10:49:04,259 - WARNING - API返回错误: CUQPS_HAS_EXCEEDED_THE_LIMIT
2025-05-22 10:49:04,322 - WARNING - API返回错误: CUQPS_HAS_EXCEEDED_THE_LIMIT
2025-05-22 10:49:04,690 - WARNING - API返回错误: CUQPS_HAS_EXCEEDED_THE_LIMIT
2025-05-22 10:49:06,743 - WARNING - API返回错误: CUQPS_HAS_EXCEEDED_THE_LIMIT
2025-05-22 10:49:06,964 - INFO - [进程 2] 进度: 700/1064 个城市
2025-05-22 10:49:07,462 - WARNING - API返回错误: CUQPS_HAS_EXCEEDED_THE_LIMIT
2025-05-22 10:49:07,656 - WARNING - API返回错误: CUQPS_HAS_EXCEEDED_THE_LIMIT
2025-05-22 10:49:09,311 - WARNING - API返回错误: CUQPS_HAS_EXCEEDED_THE_LIMIT
2025-05-22 10:49:09,700 - WARNING - API返回错误: CUQPS_HAS_EXCEEDED_THE_LIMIT
2025-05-22 10:49:10,736 - WARNING - API返回错误: CUQPS_HAS_EXCEEDED_THE_LIMIT
2025-05-22 10:49:12,131 - WARNING - API返回错误: CUQPS_HAS_EXCEEDED_THE_LIMIT
2025-05-22 10:49:12,173 - WARNING - API返回错误: CUQPS_HAS_EXCEEDED_THE_LIMIT
2025-05-22 10:49:14,517 - WARNING - API返回错误: CUQPS_HAS_EXCEEDED_THE_LIMIT
2025-05-22 10:49:14,567 - WARNING - API返回错误: CUQPS_HAS_EXCEEDED_THE_LIMIT
2025-05-22 10:49:14,693 - WARNING - API返回错误: CUQPS_HAS_EXCEEDED_THE_LIMIT
2025-05-22 10:49:17,256 - WARNING - API返回错误: CUQPS_HAS_EXCEEDED_THE_LIMIT
2025-05-22 10:49:17,511 - WARNING - API返回错误: CUQPS_HAS_EXCEEDED_THE_LIMIT
2025-05-22 10:49:17,724 - WARNING - API返回错误: CUQPS_HAS_EXCEEDED_THE_LIMIT
2025-05-22 10:49:19,594 - INFO - [进程 1] 进度: 800/1065 个城市
2025-05-22 10:49:20,241 - WARNING - API返回错误: CUQPS_HAS_EXCEEDED_THE_LIMIT
2025-05-22 10:49:20,365 - WARNING - API返回错误: CUQPS_HAS_EXCEEDED_THE_LIMIT
2025-05-22 10:49:20,477 - WARNING - API返回错误: CUQPS_HAS_EXCEEDED_THE_LIMIT
2025-05-22 10:49:22,717 - WARNING - API返回错误: CUQPS_HAS_EXCEEDED_THE_LIMIT
2025-05-22 10:49:23,262 - INFO - [进程 0] 进度: 800/1065 个城市
2025-05-22 10:49:23,688 - WARNING - API返回错误: CUQPS_HAS_EXCEEDED_THE_LIMIT
2025-05-22 10:49:28,457 - WARNING - API返回错误: CUQPS_HAS_EXCEEDED_THE_LIMIT
2025-05-22 10:49:28,472 - WARNING - API返回错误: CUQPS_HAS_EXCEEDED_THE_LIMIT
2025-05-22 10:49:31,779 - WARNING - API返回错误: CUQPS_HAS_EXCEEDED_THE_LIMIT
2025-05-22 10:49:32,519 - WARNING - API返回错误: CUQPS_HAS_EXCEEDED_THE_LIMIT
2025-05-22 10:49:34,487 - WARNING - API返回错误: CUQPS_HAS_EXCEEDED_THE_LIMIT
2025-05-22 10:49:34,501 - WARNING - API返回错误: CUQPS_HAS_EXCEEDED_THE_LIMIT
2025-05-22 10:49:34,598 - WARNING - API返回错误: CUQPS_HAS_EXCEEDED_THE_LIMIT
2025-05-22 10:49:37,128 - WARNING - API返回错误: CUQPS_HAS_EXCEEDED_THE_LIMIT
2025-05-22 10:49:37,201 - WARNING - API返回错误: CUQPS_HAS_EXCEEDED_THE_LIMIT
2025-05-22 10:49:37,727 - INFO - [进程 1] 进度: 900/1065 个城市
2025-05-22 10:49:39,639 - WARNING - API返回错误: CUQPS_HAS_EXCEEDED_THE_LIMIT
2025-05-22 10:49:39,706 - WARNING - API返回错误: CUQPS_HAS_EXCEEDED_THE_LIMIT
2025-05-22 10:49:39,746 - WARNING - API返回错误: CUQPS_HAS_EXCEEDED_THE_LIMIT
2025-05-22 10:49:42,309 - WARNING - API返回错误: CUQPS_HAS_EXCEEDED_THE_LIMIT
2025-05-22 10:49:42,519 - WARNING - API返回错误: CUQPS_HAS_EXCEEDED_THE_LIMIT
2025-05-22 10:49:42,757 - WARNING - API返回错误: CUQPS_HAS_EXCEEDED_THE_LIMIT
2025-05-22 10:49:45,373 - WARNING - API返回错误: CUQPS_HAS_EXCEEDED_THE_LIMIT
2025-05-22 10:49:45,373 - WARNING - API返回错误: CUQPS_HAS_EXCEEDED_THE_LIMIT
2025-05-22 10:49:45,506 - WARNING - API返回错误: CUQPS_HAS_EXCEEDED_THE_LIMIT
2025-05-22 10:49:48,282 - WARNING - API返回错误: CUQPS_HAS_EXCEEDED_THE_LIMIT
2025-05-22 10:49:48,382 - WARNING - API返回错误: CUQPS_HAS_EXCEEDED_THE_LIMIT
2025-05-22 10:49:48,622 - WARNING - API返回错误: CUQPS_HAS_EXCEEDED_THE_LIMIT
2025-05-22 10:49:50,991 - INFO - [进程 2] 进度: 800/1064 个城市
2025-05-22 10:49:51,047 - WARNING - API返回错误: CUQPS_HAS_EXCEEDED_THE_LIMIT
2025-05-22 10:49:51,320 - WARNING - API返回错误: CUQPS_HAS_EXCEEDED_THE_LIMIT
2025-05-22 10:49:53,459 - WARNING - API返回错误: CUQPS_HAS_EXCEEDED_THE_LIMIT
2025-05-22 10:49:53,520 - WARNING - API返回错误: CUQPS_HAS_EXCEEDED_THE_LIMIT
2025-05-22 10:49:54,918 - INFO - [进程 0] 进度: 900/1065 个城市
2025-05-22 10:49:55,739 - WARNING - API返回错误: CUQPS_HAS_EXCEEDED_THE_LIMIT
2025-05-22 10:49:56,443 - WARNING - API返回错误: CUQPS_HAS_EXCEEDED_THE_LIMIT
2025-05-22 10:49:57,617 - WARNING - API返回错误: CUQPS_HAS_EXCEEDED_THE_LIMIT
2025-05-22 10:49:59,703 - WARNING - API返回错误: CUQPS_HAS_EXCEEDED_THE_LIMIT
2025-05-22 10:49:59,705 - WARNING - API返回错误: CUQPS_HAS_EXCEEDED_THE_LIMIT
2025-05-22 10:50:00,760 - WARNING - API返回错误: CUQPS_HAS_EXCEEDED_THE_LIMIT
2025-05-22 10:50:02,467 - WARNING - API返回错误: CUQPS_HAS_EXCEEDED_THE_LIMIT
2025-05-22 10:50:02,468 - WARNING - API返回错误: CUQPS_HAS_EXCEEDED_THE_LIMIT
2025-05-22 10:50:04,726 - WARNING - API返回错误: CUQPS_HAS_EXCEEDED_THE_LIMIT
2025-05-22 10:50:04,761 - WARNING - API返回错误: CUQPS_HAS_EXCEEDED_THE_LIMIT
2025-05-22 10:50:06,985 - INFO - [进程 1] 进度: 1000/1065 个城市
2025-05-22 10:50:07,389 - WARNING - API返回错误: CUQPS_HAS_EXCEEDED_THE_LIMIT
2025-05-22 10:50:07,756 - WARNING - API返回错误: CUQPS_HAS_EXCEEDED_THE_LIMIT
2025-05-22 10:50:07,762 - WARNING - API返回错误: CUQPS_HAS_EXCEEDED_THE_LIMIT
2025-05-22 10:50:09,940 - INFO - [进程 2] 进度: 900/1064 个城市
2025-05-22 10:50:10,246 - WARNING - API返回错误: CUQPS_HAS_EXCEEDED_THE_LIMIT
2025-05-22 10:50:10,334 - WARNING - API返回错误: CUQPS_HAS_EXCEEDED_THE_LIMIT
2025-05-22 10:50:10,376 - WARNING - API返回错误: CUQPS_HAS_EXCEEDED_THE_LIMIT
2025-05-22 10:50:12,775 - WARNING - API返回错误: CUQPS_HAS_EXCEEDED_THE_LIMIT
2025-05-22 10:50:13,331 - WARNING - API返回错误: CUQPS_HAS_EXCEEDED_THE_LIMIT
2025-05-22 10:50:13,608 - WARNING - API返回错误: CUQPS_HAS_EXCEEDED_THE_LIMIT
2025-05-22 10:50:15,608 - WARNING - API返回错误: CUQPS_HAS_EXCEEDED_THE_LIMIT
2025-05-22 10:50:15,683 - WARNING - API返回错误: CUQPS_HAS_EXCEEDED_THE_LIMIT
2025-05-22 10:50:15,689 - WARNING - API返回错误: CUQPS_HAS_EXCEEDED_THE_LIMIT
2025-05-22 10:50:18,131 - WARNING - API返回错误: CUQPS_HAS_EXCEEDED_THE_LIMIT
2025-05-22 10:50:18,245 - INFO - [进程 0] 进度: 1000/1065 个城市
2025-05-22 10:50:18,450 - WARNING - API返回错误: CUQPS_HAS_EXCEEDED_THE_LIMIT
2025-05-22 10:50:18,798 - WARNING - API返回错误: CUQPS_HAS_EXCEEDED_THE_LIMIT
2025-05-22 10:50:21,270 - WARNING - API返回错误: CUQPS_HAS_EXCEEDED_THE_LIMIT
2025-05-22 10:50:21,302 - WARNING - API返回错误: CUQPS_HAS_EXCEEDED_THE_LIMIT
2025-05-22 10:50:21,304 - WARNING - API返回错误: CUQPS_HAS_EXCEEDED_THE_LIMIT
2025-05-22 10:50:23,685 - WARNING - API返回错误: CUQPS_HAS_EXCEEDED_THE_LIMIT
2025-05-22 10:50:24,571 - WARNING - API返回错误: CUQPS_HAS_EXCEEDED_THE_LIMIT
2025-05-22 10:50:24,713 - WARNING - API返回错误: CUQPS_HAS_EXCEEDED_THE_LIMIT
2025-05-22 10:50:26,735 - WARNING - API返回错误: CUQPS_HAS_EXCEEDED_THE_LIMIT
2025-05-22 10:50:26,749 - WARNING - API返回错误: CUQPS_HAS_EXCEEDED_THE_LIMIT
2025-05-22 10:50:27,769 - INFO - 进程 1 完成
2025-05-22 10:50:29,610 - WARNING - API返回错误: CUQPS_HAS_EXCEEDED_THE_LIMIT
2025-05-22 10:50:33,363 - WARNING - API返回错误: CUQPS_HAS_EXCEEDED_THE_LIMIT
2025-05-22 10:50:34,786 - WARNING - API返回错误: CUQPS_HAS_EXCEEDED_THE_LIMIT
2025-05-22 10:50:36,216 - INFO - [进程 2] 进度: 1000/1064 个城市
2025-05-22 10:50:36,681 - WARNING - API返回错误: CUQPS_HAS_EXCEEDED_THE_LIMIT
2025-05-22 10:50:37,177 - INFO - 进程 0 完成
2025-05-22 10:50:39,462 - WARNING - API返回错误: CUQPS_HAS_EXCEEDED_THE_LIMIT
2025-05-22 10:50:46,030 - INFO - 进程 2 完成
2025-05-22 10:50:46,303 - INFO - 已推送合并统计报告到 Lark
2025-06-27 09:12:36,867 - INFO - 进程 1 启动，处理城市数量: 1065
2025-06-27 09:12:36,867 - INFO - 进程 0 启动，处理城市数量: 1065
2025-06-27 09:12:36,868 - INFO - 进程 2 启动，处理城市数量: 1064
2025-06-27 09:12:36,904 - INFO - 密钥列表已刷新
2025-06-27 09:12:36,905 - INFO - 密钥列表已刷新
2025-06-27 09:12:36,907 - INFO - 密钥列表已刷新
2025-06-27 09:12:37,185 - WARNING - API返回错误: CUQPS_HAS_EXCEEDED_THE_LIMIT
2025-06-27 09:12:37,227 - WARNING - API返回错误: CUQPS_HAS_EXCEEDED_THE_LIMIT
2025-06-27 09:12:37,736 - WARNING - API返回错误: CUQPS_HAS_EXCEEDED_THE_LIMIT
2025-06-27 09:12:39,700 - WARNING - API返回错误: CUQPS_HAS_EXCEEDED_THE_LIMIT
2025-06-27 09:12:39,801 - WARNING - API返回错误: CUQPS_HAS_EXCEEDED_THE_LIMIT
2025-06-27 09:12:42,433 - WARNING - API返回错误: CUQPS_HAS_EXCEEDED_THE_LIMIT
2025-06-27 09:12:42,593 - WARNING - API返回错误: CUQPS_HAS_EXCEEDED_THE_LIMIT
2025-06-27 09:12:42,601 - WARNING - API返回错误: CUQPS_HAS_EXCEEDED_THE_LIMIT
2025-06-27 09:12:44,887 - WARNING - API返回错误: CUQPS_HAS_EXCEEDED_THE_LIMIT
2025-06-27 09:12:45,605 - WARNING - API返回错误: CUQPS_HAS_EXCEEDED_THE_LIMIT
2025-06-27 09:12:45,606 - WARNING - API返回错误: CUQPS_HAS_EXCEEDED_THE_LIMIT
2025-06-27 09:12:47,838 - WARNING - API返回错误: CUQPS_HAS_EXCEEDED_THE_LIMIT
2025-06-27 09:12:48,524 - WARNING - API返回错误: CUQPS_HAS_EXCEEDED_THE_LIMIT
2025-06-27 09:12:48,530 - WARNING - API返回错误: CUQPS_HAS_EXCEEDED_THE_LIMIT
2025-06-27 09:12:50,683 - WARNING - API返回错误: CUQPS_HAS_EXCEEDED_THE_LIMIT
2025-06-27 09:12:50,735 - WARNING - API返回错误: CUQPS_HAS_EXCEEDED_THE_LIMIT
2025-06-27 09:12:51,902 - WARNING - API返回错误: CUQPS_HAS_EXCEEDED_THE_LIMIT
2025-06-27 09:12:53,650 - WARNING - API返回错误: CUQPS_HAS_EXCEEDED_THE_LIMIT
2025-06-27 09:12:53,653 - WARNING - API返回错误: CUQPS_HAS_EXCEEDED_THE_LIMIT
2025-06-27 09:12:55,364 - WARNING - API返回错误: CUQPS_HAS_EXCEEDED_THE_LIMIT
2025-06-27 09:12:56,410 - WARNING - API返回错误: CUQPS_HAS_EXCEEDED_THE_LIMIT
2025-06-27 09:12:56,795 - WARNING - API返回错误: CUQPS_HAS_EXCEEDED_THE_LIMIT
2025-06-27 09:12:58,819 - WARNING - API返回错误: CUQPS_HAS_EXCEEDED_THE_LIMIT
2025-06-27 09:12:58,849 - WARNING - API返回错误: CUQPS_HAS_EXCEEDED_THE_LIMIT
2025-06-27 09:12:58,859 - WARNING - API返回错误: CUQPS_HAS_EXCEEDED_THE_LIMIT
2025-06-27 09:13:00,929 - INFO - [进程 1] 进度: 100/1065 个城市
2025-06-27 09:13:01,172 - INFO - [进程 0] 进度: 100/1065 个城市
2025-06-27 09:13:01,366 - WARNING - API返回错误: CUQPS_HAS_EXCEEDED_THE_LIMIT
2025-06-27 09:13:01,366 - WARNING - API返回错误: CUQPS_HAS_EXCEEDED_THE_LIMIT
2025-06-27 09:13:01,404 - WARNING - API返回错误: CUQPS_HAS_EXCEEDED_THE_LIMIT
2025-06-27 09:13:03,623 - WARNING - API返回错误: CUQPS_HAS_EXCEEDED_THE_LIMIT
2025-06-27 09:13:03,692 - WARNING - API返回错误: CUQPS_HAS_EXCEEDED_THE_LIMIT
2025-06-27 09:13:03,831 - WARNING - API返回错误: CUQPS_HAS_EXCEEDED_THE_LIMIT
2025-06-27 09:13:05,900 - WARNING - API返回错误: CUQPS_HAS_EXCEEDED_THE_LIMIT
2025-06-27 09:13:06,520 - WARNING - API返回错误: CUQPS_HAS_EXCEEDED_THE_LIMIT
2025-06-27 09:13:06,561 - WARNING - API返回错误: CUQPS_HAS_EXCEEDED_THE_LIMIT
2025-06-27 09:13:08,623 - WARNING - API返回错误: CUQPS_HAS_EXCEEDED_THE_LIMIT
2025-06-27 09:13:08,693 - INFO - [进程 2] 进度: 100/1064 个城市
2025-06-27 09:13:08,831 - WARNING - API返回错误: CUQPS_HAS_EXCEEDED_THE_LIMIT
2025-06-27 09:13:08,858 - WARNING - API返回错误: CUQPS_HAS_EXCEEDED_THE_LIMIT
2025-06-27 09:13:11,122 - WARNING - API返回错误: CUQPS_HAS_EXCEEDED_THE_LIMIT
2025-06-27 09:13:11,474 - WARNING - API返回错误: CUQPS_HAS_EXCEEDED_THE_LIMIT
2025-06-27 09:13:11,688 - WARNING - API返回错误: CUQPS_HAS_EXCEEDED_THE_LIMIT
2025-06-27 09:13:14,239 - WARNING - API返回错误: CUQPS_HAS_EXCEEDED_THE_LIMIT
2025-06-27 09:13:14,253 - WARNING - API返回错误: CUQPS_HAS_EXCEEDED_THE_LIMIT
2025-06-27 09:13:14,795 - WARNING - API返回错误: CUQPS_HAS_EXCEEDED_THE_LIMIT
2025-06-27 09:13:17,529 - WARNING - API返回错误: CUQPS_HAS_EXCEEDED_THE_LIMIT
2025-06-27 09:13:17,543 - WARNING - API返回错误: CUQPS_HAS_EXCEEDED_THE_LIMIT
2025-06-27 09:13:17,594 - WARNING - API返回错误: CUQPS_HAS_EXCEEDED_THE_LIMIT
2025-06-27 09:13:19,886 - WARNING - API返回错误: CUQPS_HAS_EXCEEDED_THE_LIMIT
2025-06-27 09:13:20,208 - WARNING - API返回错误: CUQPS_HAS_EXCEEDED_THE_LIMIT
2025-06-27 09:13:20,745 - WARNING - API返回错误: CUQPS_HAS_EXCEEDED_THE_LIMIT
2025-06-27 09:13:22,708 - WARNING - API返回错误: CUQPS_HAS_EXCEEDED_THE_LIMIT
2025-06-27 09:13:22,720 - WARNING - API返回错误: CUQPS_HAS_EXCEEDED_THE_LIMIT
2025-06-27 09:13:24,697 - WARNING - API返回错误: CUQPS_HAS_EXCEEDED_THE_LIMIT
2025-06-27 09:13:25,324 - WARNING - API返回错误: CUQPS_HAS_EXCEEDED_THE_LIMIT
2025-06-27 09:13:25,669 - WARNING - API返回错误: CUQPS_HAS_EXCEEDED_THE_LIMIT
2025-06-27 09:13:26,773 - INFO - [进程 1] 进度: 200/1065 个城市
2025-06-27 09:13:27,714 - WARNING - API返回错误: CUQPS_HAS_EXCEEDED_THE_LIMIT
2025-06-27 09:13:27,728 - WARNING - API返回错误: CUQPS_HAS_EXCEEDED_THE_LIMIT
2025-06-27 09:13:27,773 - WARNING - API返回错误: CUQPS_HAS_EXCEEDED_THE_LIMIT
2025-06-27 09:13:30,103 - WARNING - API返回错误: CUQPS_HAS_EXCEEDED_THE_LIMIT
2025-06-27 09:13:30,127 - WARNING - API返回错误: CUQPS_HAS_EXCEEDED_THE_LIMIT
2025-06-27 09:13:30,359 - WARNING - API返回错误: CUQPS_HAS_EXCEEDED_THE_LIMIT
2025-06-27 09:13:32,621 - WARNING - API返回错误: CUQPS_HAS_EXCEEDED_THE_LIMIT
2025-06-27 09:13:32,637 - WARNING - API返回错误: CUQPS_HAS_EXCEEDED_THE_LIMIT
2025-06-27 09:13:32,889 - WARNING - API返回错误: CUQPS_HAS_EXCEEDED_THE_LIMIT
2025-06-27 09:13:34,893 - INFO - [进程 0] 进度: 200/1065 个城市
2025-06-27 09:13:35,475 - WARNING - API返回错误: CUQPS_HAS_EXCEEDED_THE_LIMIT
2025-06-27 09:13:35,513 - WARNING - API返回错误: CUQPS_HAS_EXCEEDED_THE_LIMIT
2025-06-27 09:13:35,567 - WARNING - API返回错误: CUQPS_HAS_EXCEEDED_THE_LIMIT
2025-06-27 09:13:37,880 - WARNING - API返回错误: CUQPS_HAS_EXCEEDED_THE_LIMIT
2025-06-27 09:13:38,103 - WARNING - API返回错误: CUQPS_HAS_EXCEEDED_THE_LIMIT
2025-06-27 09:13:38,105 - WARNING - API返回错误: CUQPS_HAS_EXCEEDED_THE_LIMIT
2025-06-27 09:13:40,385 - WARNING - API返回错误: CUQPS_HAS_EXCEEDED_THE_LIMIT
2025-06-27 09:13:40,456 - WARNING - API返回错误: CUQPS_HAS_EXCEEDED_THE_LIMIT
2025-06-27 09:13:40,648 - WARNING - API返回错误: CUQPS_HAS_EXCEEDED_THE_LIMIT
2025-06-27 09:13:42,528 - INFO - [进程 2] 进度: 200/1064 个城市
2025-06-27 09:13:42,722 - WARNING - API返回错误: CUQPS_HAS_EXCEEDED_THE_LIMIT
2025-06-27 09:13:43,300 - WARNING - API返回错误: CUQPS_HAS_EXCEEDED_THE_LIMIT
2025-06-27 09:13:43,350 - WARNING - API返回错误: CUQPS_HAS_EXCEEDED_THE_LIMIT
2025-06-27 09:13:45,539 - WARNING - API返回错误: CUQPS_HAS_EXCEEDED_THE_LIMIT
2025-06-27 09:13:45,600 - WARNING - API返回错误: CUQPS_HAS_EXCEEDED_THE_LIMIT
2025-06-27 09:13:45,603 - WARNING - API返回错误: CUQPS_HAS_EXCEEDED_THE_LIMIT
2025-06-27 09:13:48,375 - WARNING - API返回错误: CUQPS_HAS_EXCEEDED_THE_LIMIT
2025-06-27 09:13:48,452 - WARNING - API返回错误: CUQPS_HAS_EXCEEDED_THE_LIMIT
2025-06-27 09:13:48,525 - WARNING - API返回错误: CUQPS_HAS_EXCEEDED_THE_LIMIT
2025-06-27 09:13:50,754 - WARNING - API返回错误: CUQPS_HAS_EXCEEDED_THE_LIMIT
2025-06-27 09:13:51,319 - WARNING - API返回错误: CUQPS_HAS_EXCEEDED_THE_LIMIT
2025-06-27 09:13:51,802 - WARNING - API返回错误: CUQPS_HAS_EXCEEDED_THE_LIMIT
2025-06-27 09:13:53,652 - WARNING - API返回错误: CUQPS_HAS_EXCEEDED_THE_LIMIT
2025-06-27 09:13:53,791 - WARNING - API返回错误: CUQPS_HAS_EXCEEDED_THE_LIMIT
2025-06-27 09:13:53,875 - WARNING - API返回错误: CUQPS_HAS_EXCEEDED_THE_LIMIT
2025-06-27 09:13:55,851 - INFO - [进程 1] 进度: 300/1065 个城市
2025-06-27 09:13:56,190 - WARNING - API返回错误: CUQPS_HAS_EXCEEDED_THE_LIMIT
2025-06-27 09:13:56,259 - WARNING - API返回错误: CUQPS_HAS_EXCEEDED_THE_LIMIT
2025-06-27 09:13:56,273 - WARNING - API返回错误: CUQPS_HAS_EXCEEDED_THE_LIMIT
2025-06-27 09:13:58,567 - WARNING - API返回错误: CUQPS_HAS_EXCEEDED_THE_LIMIT
2025-06-27 09:13:58,572 - WARNING - API返回错误: CUQPS_HAS_EXCEEDED_THE_LIMIT
2025-06-27 09:13:59,907 - INFO - [进程 0] 进度: 300/1065 个城市
2025-06-27 09:14:00,630 - WARNING - API返回错误: CUQPS_HAS_EXCEEDED_THE_LIMIT
2025-06-27 09:14:00,631 - WARNING - API返回错误: CUQPS_HAS_EXCEEDED_THE_LIMIT
2025-06-27 09:14:02,755 - WARNING - API返回错误: CUQPS_HAS_EXCEEDED_THE_LIMIT
2025-06-27 09:14:02,815 - WARNING - API返回错误: CUQPS_HAS_EXCEEDED_THE_LIMIT
2025-06-27 09:14:04,859 - WARNING - API返回错误: CUQPS_HAS_EXCEEDED_THE_LIMIT
2025-06-27 09:14:05,601 - WARNING - API返回错误: CUQPS_HAS_EXCEEDED_THE_LIMIT
2025-06-27 09:14:05,708 - WARNING - API返回错误: CUQPS_HAS_EXCEEDED_THE_LIMIT
2025-06-27 09:14:07,735 - WARNING - API返回错误: CUQPS_HAS_EXCEEDED_THE_LIMIT
2025-06-27 09:14:07,847 - WARNING - API返回错误: CUQPS_HAS_EXCEEDED_THE_LIMIT
2025-06-27 09:14:07,879 - WARNING - API返回错误: CUQPS_HAS_EXCEEDED_THE_LIMIT
2025-06-27 09:14:10,283 - WARNING - API返回错误: CUQPS_HAS_EXCEEDED_THE_LIMIT
2025-06-27 09:14:10,315 - WARNING - API返回错误: CUQPS_HAS_EXCEEDED_THE_LIMIT
2025-06-27 09:14:10,363 - WARNING - API返回错误: CUQPS_HAS_EXCEEDED_THE_LIMIT
2025-06-27 09:14:12,661 - WARNING - API返回错误: CUQPS_HAS_EXCEEDED_THE_LIMIT
2025-06-27 09:14:12,751 - WARNING - API返回错误: CUQPS_HAS_EXCEEDED_THE_LIMIT
2025-06-27 09:14:12,816 - WARNING - API返回错误: CUQPS_HAS_EXCEEDED_THE_LIMIT
2025-06-27 09:14:15,216 - INFO - [进程 0] 进度: 400/1065 个城市
2025-06-27 09:14:15,339 - WARNING - API返回错误: CUQPS_HAS_EXCEEDED_THE_LIMIT
2025-06-27 09:14:15,457 - WARNING - API返回错误: CUQPS_HAS_EXCEEDED_THE_LIMIT
2025-06-27 09:14:15,469 - WARNING - API返回错误: CUQPS_HAS_EXCEEDED_THE_LIMIT
2025-06-27 09:14:17,753 - INFO - [进程 2] 进度: 300/1064 个城市
2025-06-27 09:14:17,907 - WARNING - API返回错误: CUQPS_HAS_EXCEEDED_THE_LIMIT
2025-06-27 09:14:18,315 - WARNING - API返回错误: CUQPS_HAS_EXCEEDED_THE_LIMIT
2025-06-27 09:14:18,568 - WARNING - API返回错误: CUQPS_HAS_EXCEEDED_THE_LIMIT
2025-06-27 09:14:20,444 - WARNING - API返回错误: CUQPS_HAS_EXCEEDED_THE_LIMIT
2025-06-27 09:14:20,846 - WARNING - API返回错误: CUQPS_HAS_EXCEEDED_THE_LIMIT
2025-06-27 09:14:22,729 - WARNING - API返回错误: CUQPS_HAS_EXCEEDED_THE_LIMIT
2025-06-27 09:14:23,344 - WARNING - API返回错误: CUQPS_HAS_EXCEEDED_THE_LIMIT
2025-06-27 09:14:24,662 - WARNING - API返回错误: CUQPS_HAS_EXCEEDED_THE_LIMIT
2025-06-27 09:14:25,710 - WARNING - API返回错误: CUQPS_HAS_EXCEEDED_THE_LIMIT
2025-06-27 09:14:26,595 - WARNING - API返回错误: CUQPS_HAS_EXCEEDED_THE_LIMIT
2025-06-27 09:14:26,853 - WARNING - API返回错误: CUQPS_HAS_EXCEEDED_THE_LIMIT
2025-06-27 09:14:28,641 - WARNING - API返回错误: CUQPS_HAS_EXCEEDED_THE_LIMIT
2025-06-27 09:14:29,280 - WARNING - API返回错误: CUQPS_HAS_EXCEEDED_THE_LIMIT
2025-06-27 09:14:29,827 - WARNING - API返回错误: CUQPS_HAS_EXCEEDED_THE_LIMIT
2025-06-27 09:14:31,354 - WARNING - API返回错误: CUQPS_HAS_EXCEEDED_THE_LIMIT
2025-06-27 09:14:31,561 - INFO - [进程 1] 进度: 400/1065 个城市
2025-06-27 09:14:32,625 - WARNING - API返回错误: CUQPS_HAS_EXCEEDED_THE_LIMIT
2025-06-27 09:14:32,821 - WARNING - API返回错误: CUQPS_HAS_EXCEEDED_THE_LIMIT
2025-06-27 09:14:35,220 - INFO - [进程 2] 进度: 400/1064 个城市
2025-06-27 09:14:35,233 - WARNING - API返回错误: CUQPS_HAS_EXCEEDED_THE_LIMIT
2025-06-27 09:14:35,379 - WARNING - API返回错误: CUQPS_HAS_EXCEEDED_THE_LIMIT
2025-06-27 09:14:35,587 - WARNING - API返回错误: CUQPS_HAS_EXCEEDED_THE_LIMIT
2025-06-27 09:14:37,788 - WARNING - API返回错误: CUQPS_HAS_EXCEEDED_THE_LIMIT
2025-06-27 09:14:37,818 - WARNING - API返回错误: CUQPS_HAS_EXCEEDED_THE_LIMIT
2025-06-27 09:14:38,871 - WARNING - API返回错误: CUQPS_HAS_EXCEEDED_THE_LIMIT
2025-06-27 09:14:40,463 - WARNING - API返回错误: CUQPS_HAS_EXCEEDED_THE_LIMIT
2025-06-27 09:14:40,555 - WARNING - API返回错误: CUQPS_HAS_EXCEEDED_THE_LIMIT
2025-06-27 09:14:42,697 - WARNING - API返回错误: CUQPS_HAS_EXCEEDED_THE_LIMIT
2025-06-27 09:14:42,746 - WARNING - API返回错误: CUQPS_HAS_EXCEEDED_THE_LIMIT
2025-06-27 09:14:44,700 - INFO - [进程 1] 进度: 500/1065 个城市
2025-06-27 09:14:44,813 - INFO - [进程 0] 进度: 500/1065 个城市
2025-06-27 09:14:44,853 - WARNING - API返回错误: CUQPS_HAS_EXCEEDED_THE_LIMIT
2025-06-27 09:14:44,867 - WARNING - API返回错误: CUQPS_HAS_EXCEEDED_THE_LIMIT
2025-06-27 09:14:47,211 - WARNING - API返回错误: CUQPS_HAS_EXCEEDED_THE_LIMIT
2025-06-27 09:14:47,425 - WARNING - API返回错误: CUQPS_HAS_EXCEEDED_THE_LIMIT
2025-06-27 09:14:47,671 - WARNING - API返回错误: CUQPS_HAS_EXCEEDED_THE_LIMIT
2025-06-27 09:14:49,873 - WARNING - API返回错误: CUQPS_HAS_EXCEEDED_THE_LIMIT
2025-06-27 09:14:50,545 - WARNING - API返回错误: CUQPS_HAS_EXCEEDED_THE_LIMIT
2025-06-27 09:14:50,645 - WARNING - API返回错误: CUQPS_HAS_EXCEEDED_THE_LIMIT
2025-06-27 09:14:52,856 - WARNING - API返回错误: CUQPS_HAS_EXCEEDED_THE_LIMIT
2025-06-27 09:14:53,345 - WARNING - API返回错误: CUQPS_HAS_EXCEEDED_THE_LIMIT
2025-06-27 09:14:54,671 - WARNING - API返回错误: CUQPS_HAS_EXCEEDED_THE_LIMIT
2025-06-27 09:14:55,905 - WARNING - API返回错误: CUQPS_HAS_EXCEEDED_THE_LIMIT
2025-06-27 09:14:56,826 - WARNING - API返回错误: CUQPS_HAS_EXCEEDED_THE_LIMIT
2025-06-27 09:14:57,862 - WARNING - API返回错误: CUQPS_HAS_EXCEEDED_THE_LIMIT
2025-06-27 09:14:59,349 - WARNING - API返回错误: CUQPS_HAS_EXCEEDED_THE_LIMIT
2025-06-27 09:15:00,073 - INFO - [进程 1] 进度: 600/1065 个城市
2025-06-27 09:15:00,215 - WARNING - API返回错误: CUQPS_HAS_EXCEEDED_THE_LIMIT
2025-06-27 09:15:00,417 - WARNING - API返回错误: CUQPS_HAS_EXCEEDED_THE_LIMIT
2025-06-27 09:15:02,645 - WARNING - API返回错误: CUQPS_HAS_EXCEEDED_THE_LIMIT
2025-06-27 09:15:02,874 - WARNING - API返回错误: CUQPS_HAS_EXCEEDED_THE_LIMIT
2025-06-27 09:15:02,902 - WARNING - API返回错误: CUQPS_HAS_EXCEEDED_THE_LIMIT
2025-06-27 09:15:05,193 - INFO - [进程 2] 进度: 500/1064 个城市
2025-06-27 09:15:05,321 - WARNING - API返回错误: CUQPS_HAS_EXCEEDED_THE_LIMIT
2025-06-27 09:15:05,367 - WARNING - API返回错误: CUQPS_HAS_EXCEEDED_THE_LIMIT
2025-06-27 09:15:05,743 - WARNING - API返回错误: CUQPS_HAS_EXCEEDED_THE_LIMIT
2025-06-27 09:15:07,665 - WARNING - API返回错误: CUQPS_HAS_EXCEEDED_THE_LIMIT
2025-06-27 09:15:08,255 - WARNING - API返回错误: CUQPS_HAS_EXCEEDED_THE_LIMIT
2025-06-27 09:15:08,638 - INFO - [进程 0] 进度: 600/1065 个城市
2025-06-27 09:15:08,697 - WARNING - API返回错误: CUQPS_HAS_EXCEEDED_THE_LIMIT
2025-06-27 09:15:10,524 - WARNING - API返回错误: CUQPS_HAS_EXCEEDED_THE_LIMIT
2025-06-27 09:15:10,684 - WARNING - API返回错误: CUQPS_HAS_EXCEEDED_THE_LIMIT
2025-06-27 09:15:11,466 - WARNING - API返回错误: CUQPS_HAS_EXCEEDED_THE_LIMIT
2025-06-27 09:15:13,489 - WARNING - API返回错误: CUQPS_HAS_EXCEEDED_THE_LIMIT
2025-06-27 09:15:13,775 - WARNING - API返回错误: CUQPS_HAS_EXCEEDED_THE_LIMIT
2025-06-27 09:15:13,877 - WARNING - API返回错误: CUQPS_HAS_EXCEEDED_THE_LIMIT
2025-06-27 09:15:16,335 - WARNING - API返回错误: CUQPS_HAS_EXCEEDED_THE_LIMIT
2025-06-27 09:15:16,417 - WARNING - API返回错误: CUQPS_HAS_EXCEEDED_THE_LIMIT
2025-06-27 09:15:16,448 - WARNING - API返回错误: CUQPS_HAS_EXCEEDED_THE_LIMIT
2025-06-27 09:15:18,731 - WARNING - API返回错误: CUQPS_HAS_EXCEEDED_THE_LIMIT
2025-06-27 09:15:18,821 - WARNING - API返回错误: CUQPS_HAS_EXCEEDED_THE_LIMIT
2025-06-27 09:15:19,870 - WARNING - API返回错误: CUQPS_HAS_EXCEEDED_THE_LIMIT
2025-06-27 09:15:21,347 - WARNING - API返回错误: CUQPS_HAS_EXCEEDED_THE_LIMIT
2025-06-27 09:15:22,436 - WARNING - API返回错误: CUQPS_HAS_EXCEEDED_THE_LIMIT
2025-06-27 09:15:22,797 - WARNING - API返回错误: CUQPS_HAS_EXCEEDED_THE_LIMIT
2025-06-27 09:15:24,875 - WARNING - API返回错误: CUQPS_HAS_EXCEEDED_THE_LIMIT
2025-06-27 09:15:25,453 - WARNING - API返回错误: CUQPS_HAS_EXCEEDED_THE_LIMIT
2025-06-27 09:15:25,525 - WARNING - API返回错误: CUQPS_HAS_EXCEEDED_THE_LIMIT
2025-06-27 09:15:27,721 - WARNING - API返回错误: CUQPS_HAS_EXCEEDED_THE_LIMIT
2025-06-27 09:15:27,730 - WARNING - API返回错误: CUQPS_HAS_EXCEEDED_THE_LIMIT
2025-06-27 09:15:27,773 - WARNING - API返回错误: CUQPS_HAS_EXCEEDED_THE_LIMIT
2025-06-27 09:15:30,110 - WARNING - API返回错误: CUQPS_HAS_EXCEEDED_THE_LIMIT
2025-06-27 09:15:30,289 - WARNING - API返回错误: CUQPS_HAS_EXCEEDED_THE_LIMIT
2025-06-27 09:15:30,434 - WARNING - API返回错误: CUQPS_HAS_EXCEEDED_THE_LIMIT
2025-06-27 09:15:32,569 - WARNING - API返回错误: CUQPS_HAS_EXCEEDED_THE_LIMIT
2025-06-27 09:15:32,665 - WARNING - API返回错误: CUQPS_HAS_EXCEEDED_THE_LIMIT
2025-06-27 09:15:34,425 - INFO - [进程 0] 进度: 700/1065 个城市
2025-06-27 09:15:34,870 - WARNING - API返回错误: CUQPS_HAS_EXCEEDED_THE_LIMIT
2025-06-27 09:15:35,083 - INFO - [进程 1] 进度: 700/1065 个城市
2025-06-27 09:15:35,634 - WARNING - API返回错误: CUQPS_HAS_EXCEEDED_THE_LIMIT
2025-06-27 09:15:35,725 - WARNING - API返回错误: CUQPS_HAS_EXCEEDED_THE_LIMIT
2025-06-27 09:15:37,632 - INFO - [进程 2] 进度: 600/1064 个城市
2025-06-27 09:15:37,892 - WARNING - API返回错误: CUQPS_HAS_EXCEEDED_THE_LIMIT
2025-06-27 09:15:38,555 - WARNING - API返回错误: CUQPS_HAS_EXCEEDED_THE_LIMIT
2025-06-27 09:15:38,656 - WARNING - API返回错误: CUQPS_HAS_EXCEEDED_THE_LIMIT
2025-06-27 09:15:40,362 - WARNING - API返回错误: CUQPS_HAS_EXCEEDED_THE_LIMIT
2025-06-27 09:15:41,532 - WARNING - API返回错误: CUQPS_HAS_EXCEEDED_THE_LIMIT
2025-06-27 09:15:41,597 - WARNING - API返回错误: CUQPS_HAS_EXCEEDED_THE_LIMIT
2025-06-27 09:15:43,728 - WARNING - API返回错误: CUQPS_HAS_EXCEEDED_THE_LIMIT
2025-06-27 09:15:43,866 - WARNING - API返回错误: CUQPS_HAS_EXCEEDED_THE_LIMIT
2025-06-27 09:15:43,867 - WARNING - API返回错误: CUQPS_HAS_EXCEEDED_THE_LIMIT
2025-06-27 09:15:46,256 - WARNING - API返回错误: CUQPS_HAS_EXCEEDED_THE_LIMIT
2025-06-27 09:15:46,430 - WARNING - API返回错误: CUQPS_HAS_EXCEEDED_THE_LIMIT
2025-06-27 09:15:46,541 - WARNING - API返回错误: CUQPS_HAS_EXCEEDED_THE_LIMIT
2025-06-27 09:15:48,823 - WARNING - API返回错误: CUQPS_HAS_EXCEEDED_THE_LIMIT
2025-06-27 09:15:49,480 - WARNING - API返回错误: CUQPS_HAS_EXCEEDED_THE_LIMIT
2025-06-27 09:15:49,800 - WARNING - API返回错误: CUQPS_HAS_EXCEEDED_THE_LIMIT
2025-06-27 09:15:51,869 - WARNING - API返回错误: CUQPS_HAS_EXCEEDED_THE_LIMIT
2025-06-27 09:15:51,908 - WARNING - API返回错误: CUQPS_HAS_EXCEEDED_THE_LIMIT
2025-06-27 09:15:53,619 - WARNING - API返回错误: CUQPS_HAS_EXCEEDED_THE_LIMIT
2025-06-27 09:15:54,422 - WARNING - API返回错误: CUQPS_HAS_EXCEEDED_THE_LIMIT
2025-06-27 09:15:54,823 - WARNING - API返回错误: CUQPS_HAS_EXCEEDED_THE_LIMIT
2025-06-27 09:15:56,654 - WARNING - API返回错误: CUQPS_HAS_EXCEEDED_THE_LIMIT
2025-06-27 09:15:57,541 - WARNING - API返回错误: CUQPS_HAS_EXCEEDED_THE_LIMIT
2025-06-27 09:15:57,903 - WARNING - API返回错误: CUQPS_HAS_EXCEEDED_THE_LIMIT
2025-06-27 09:15:59,200 - INFO - [进程 1] 进度: 800/1065 个城市
2025-06-27 09:15:59,870 - WARNING - API返回错误: CUQPS_HAS_EXCEEDED_THE_LIMIT
2025-06-27 09:16:00,408 - WARNING - API返回错误: CUQPS_HAS_EXCEEDED_THE_LIMIT
2025-06-27 09:16:00,535 - INFO - [进程 0] 进度: 800/1065 个城市
2025-06-27 09:16:00,693 - WARNING - API返回错误: CUQPS_HAS_EXCEEDED_THE_LIMIT
2025-06-27 09:16:02,868 - WARNING - API返回错误: CUQPS_HAS_EXCEEDED_THE_LIMIT
2025-06-27 09:16:03,372 - WARNING - API返回错误: CUQPS_HAS_EXCEEDED_THE_LIMIT
2025-06-27 09:16:03,425 - WARNING - API返回错误: CUQPS_HAS_EXCEEDED_THE_LIMIT
2025-06-27 09:16:05,689 - WARNING - API返回错误: CUQPS_HAS_EXCEEDED_THE_LIMIT
2025-06-27 09:16:05,774 - WARNING - API返回错误: CUQPS_HAS_EXCEEDED_THE_LIMIT
2025-06-27 09:16:05,809 - WARNING - API返回错误: CUQPS_HAS_EXCEEDED_THE_LIMIT
2025-06-27 09:16:07,979 - INFO - [进程 2] 进度: 700/1064 个城市
2025-06-27 09:16:08,268 - WARNING - API返回错误: CUQPS_HAS_EXCEEDED_THE_LIMIT
2025-06-27 09:16:08,460 - WARNING - API返回错误: CUQPS_HAS_EXCEEDED_THE_LIMIT
2025-06-27 09:16:08,702 - WARNING - API返回错误: CUQPS_HAS_EXCEEDED_THE_LIMIT
2025-06-27 09:16:10,695 - WARNING - API返回错误: CUQPS_HAS_EXCEEDED_THE_LIMIT
2025-06-27 09:16:10,785 - WARNING - API返回错误: CUQPS_HAS_EXCEEDED_THE_LIMIT
2025-06-27 09:16:12,874 - WARNING - API返回错误: CUQPS_HAS_EXCEEDED_THE_LIMIT
2025-06-27 09:16:13,566 - WARNING - API返回错误: CUQPS_HAS_EXCEEDED_THE_LIMIT
2025-06-27 09:16:13,706 - WARNING - API返回错误: CUQPS_HAS_EXCEEDED_THE_LIMIT
2025-06-27 09:16:15,478 - WARNING - API返回错误: CUQPS_HAS_EXCEEDED_THE_LIMIT
2025-06-27 09:16:16,341 - WARNING - API返回错误: CUQPS_HAS_EXCEEDED_THE_LIMIT
2025-06-27 09:16:16,784 - WARNING - API返回错误: CUQPS_HAS_EXCEEDED_THE_LIMIT
2025-06-27 09:16:18,523 - WARNING - API返回错误: CUQPS_HAS_EXCEEDED_THE_LIMIT
2025-06-27 09:16:18,856 - WARNING - API返回错误: CUQPS_HAS_EXCEEDED_THE_LIMIT
2025-06-27 09:16:20,802 - WARNING - API返回错误: CUQPS_HAS_EXCEEDED_THE_LIMIT
2025-06-27 09:16:20,896 - WARNING - API返回错误: CUQPS_HAS_EXCEEDED_THE_LIMIT
2025-06-27 09:16:22,376 - WARNING - API返回错误: CUQPS_HAS_EXCEEDED_THE_LIMIT
2025-06-27 09:16:23,358 - WARNING - API返回错误: CUQPS_HAS_EXCEEDED_THE_LIMIT
2025-06-27 09:16:24,446 - INFO - [进程 0] 进度: 900/1065 个城市
2025-06-27 09:16:24,786 - WARNING - API返回错误: CUQPS_HAS_EXCEEDED_THE_LIMIT
2025-06-27 09:16:24,853 - WARNING - API返回错误: CUQPS_HAS_EXCEEDED_THE_LIMIT
2025-06-27 09:16:26,847 - WARNING - API返回错误: CUQPS_HAS_EXCEEDED_THE_LIMIT
2025-06-27 09:16:26,882 - WARNING - API返回错误: CUQPS_HAS_EXCEEDED_THE_LIMIT
2025-06-27 09:16:29,801 - WARNING - API返回错误: CUQPS_HAS_EXCEEDED_THE_LIMIT
2025-06-27 09:16:29,869 - INFO - [进程 1] 进度: 900/1065 个城市
2025-06-27 09:16:30,179 - INFO - [进程 2] 进度: 800/1064 个城市
2025-06-27 09:16:30,728 - WARNING - API返回错误: CUQPS_HAS_EXCEEDED_THE_LIMIT
2025-06-27 09:16:30,771 - WARNING - API返回错误: CUQPS_HAS_EXCEEDED_THE_LIMIT
2025-06-27 09:16:32,873 - WARNING - API返回错误: CUQPS_HAS_EXCEEDED_THE_LIMIT
2025-06-27 09:16:32,874 - WARNING - API返回错误: CUQPS_HAS_EXCEEDED_THE_LIMIT
2025-06-27 09:16:33,853 - WARNING - API返回错误: CUQPS_HAS_EXCEEDED_THE_LIMIT
2025-06-27 09:16:35,164 - WARNING - API返回错误: CUQPS_HAS_EXCEEDED_THE_LIMIT
2025-06-27 09:16:35,401 - WARNING - API返回错误: CUQPS_HAS_EXCEEDED_THE_LIMIT
2025-06-27 09:16:37,683 - WARNING - API返回错误: CUQPS_HAS_EXCEEDED_THE_LIMIT
2025-06-27 09:16:37,710 - WARNING - API返回错误: CUQPS_HAS_EXCEEDED_THE_LIMIT
2025-06-27 09:16:37,834 - WARNING - API返回错误: CUQPS_HAS_EXCEEDED_THE_LIMIT
2025-06-27 09:16:40,306 - WARNING - API返回错误: CUQPS_HAS_EXCEEDED_THE_LIMIT
2025-06-27 09:16:40,783 - WARNING - API返回错误: CUQPS_HAS_EXCEEDED_THE_LIMIT
2025-06-27 09:16:40,784 - WARNING - API返回错误: CUQPS_HAS_EXCEEDED_THE_LIMIT
2025-06-27 09:16:43,321 - WARNING - API返回错误: CUQPS_HAS_EXCEEDED_THE_LIMIT
2025-06-27 09:16:43,582 - WARNING - API返回错误: CUQPS_HAS_EXCEEDED_THE_LIMIT
2025-06-27 09:16:43,625 - WARNING - API返回错误: CUQPS_HAS_EXCEEDED_THE_LIMIT
2025-06-27 09:16:45,979 - INFO - [进程 0] 进度: 1000/1065 个城市
2025-06-27 09:16:46,542 - WARNING - API返回错误: CUQPS_HAS_EXCEEDED_THE_LIMIT
2025-06-27 09:16:49,203 - WARNING - API返回错误: CUQPS_HAS_EXCEEDED_THE_LIMIT
2025-06-27 09:16:49,335 - WARNING - API返回错误: CUQPS_HAS_EXCEEDED_THE_LIMIT
2025-06-27 09:16:52,761 - WARNING - API返回错误: CUQPS_HAS_EXCEEDED_THE_LIMIT
2025-06-27 09:16:55,913 - WARNING - API返回错误: CUQPS_HAS_EXCEEDED_THE_LIMIT
2025-06-27 09:16:56,389 - WARNING - API返回错误: CUQPS_HAS_EXCEEDED_THE_LIMIT
2025-06-27 09:16:58,883 - WARNING - API返回错误: CUQPS_HAS_EXCEEDED_THE_LIMIT
2025-06-27 09:17:00,330 - INFO - 进程 0 完成
2025-06-27 09:17:01,761 - INFO - [进程 2] 进度: 900/1064 个城市
2025-06-27 09:17:02,644 - WARNING - API返回错误: CUQPS_HAS_EXCEEDED_THE_LIMIT
2025-06-27 09:17:02,696 - WARNING - API返回错误: CUQPS_HAS_EXCEEDED_THE_LIMIT
2025-06-27 09:17:05,133 - WARNING - API返回错误: CUQPS_HAS_EXCEEDED_THE_LIMIT
2025-06-27 09:17:07,642 - WARNING - API返回错误: CUQPS_HAS_EXCEEDED_THE_LIMIT
2025-06-27 09:17:07,744 - WARNING - API返回错误: CUQPS_HAS_EXCEEDED_THE_LIMIT
2025-06-27 09:17:10,371 - WARNING - API返回错误: CUQPS_HAS_EXCEEDED_THE_LIMIT
2025-06-27 09:17:10,736 - WARNING - API返回错误: CUQPS_HAS_EXCEEDED_THE_LIMIT
2025-06-27 09:17:13,390 - WARNING - API返回错误: CUQPS_HAS_EXCEEDED_THE_LIMIT
2025-06-27 09:17:15,609 - INFO - [进程 1] 进度: 1000/1065 个城市
2025-06-27 09:17:17,803 - WARNING - API返回错误: CUQPS_HAS_EXCEEDED_THE_LIMIT
2025-06-27 09:17:20,610 - WARNING - API返回错误: CUQPS_HAS_EXCEEDED_THE_LIMIT
2025-06-27 09:17:25,601 - INFO - [进程 2] 进度: 1000/1064 个城市
2025-06-27 09:17:26,839 - WARNING - API返回错误: CUQPS_HAS_EXCEEDED_THE_LIMIT
2025-06-27 09:17:29,374 - WARNING - API返回错误: CUQPS_HAS_EXCEEDED_THE_LIMIT
2025-06-27 09:17:29,615 - WARNING - API返回错误: CUQPS_HAS_EXCEEDED_THE_LIMIT
2025-06-27 09:17:32,356 - WARNING - API返回错误: CUQPS_HAS_EXCEEDED_THE_LIMIT
2025-06-27 09:17:32,555 - WARNING - API返回错误: CUQPS_HAS_EXCEEDED_THE_LIMIT
2025-06-27 09:17:34,717 - WARNING - API返回错误: CUQPS_HAS_EXCEEDED_THE_LIMIT
2025-06-27 09:17:34,719 - INFO - 进程 2 完成
2025-06-27 09:17:36,988 - INFO - 进程 1 完成
2025-06-27 09:17:37,250 - INFO - 已推送合并统计报告到 Lark
2025-07-06 15:18:00,387 - INFO - 进程 0 启动，处理城市数量: 1065
2025-07-06 15:18:00,388 - INFO - 进程 1 启动，处理城市数量: 1065
2025-07-06 15:18:00,390 - INFO - 进程 2 启动，处理城市数量: 1064
2025-07-06 15:18:00,427 - INFO - 密钥列表已刷新
2025-07-06 15:18:00,427 - INFO - 密钥列表已刷新
2025-07-06 15:18:00,428 - INFO - 密钥列表已刷新
2025-07-06 15:18:00,849 - WARNING - API返回错误: CUQPS_HAS_EXCEEDED_THE_LIMIT
2025-07-06 15:18:00,884 - WARNING - API返回错误: CUQPS_HAS_EXCEEDED_THE_LIMIT
2025-07-06 15:18:00,941 - WARNING - API返回错误: CUQPS_HAS_EXCEEDED_THE_LIMIT
2025-07-06 15:18:03,400 - WARNING - API返回错误: CUQPS_HAS_EXCEEDED_THE_LIMIT
2025-07-06 15:18:03,458 - WARNING - API返回错误: CUQPS_HAS_EXCEEDED_THE_LIMIT
2025-07-06 15:18:03,576 - WARNING - API返回错误: CUQPS_HAS_EXCEEDED_THE_LIMIT
2025-07-06 15:19:24,406 - INFO - 进程 0 启动，处理城市数量: 799
2025-07-06 15:19:24,407 - INFO - 进程 1 启动，处理城市数量: 799
2025-07-06 15:19:24,407 - INFO - 进程 2 启动，处理城市数量: 798
2025-07-06 15:19:24,412 - INFO - 进程 3 启动，处理城市数量: 798
2025-07-06 15:19:24,442 - INFO - 密钥列表已刷新
2025-07-06 15:19:24,442 - INFO - 密钥列表已刷新
2025-07-06 15:19:24,444 - INFO - 密钥列表已刷新
2025-07-06 15:19:24,447 - INFO - 密钥列表已刷新
2025-07-06 15:19:24,753 - WARNING - API返回错误: CUQPS_HAS_EXCEEDED_THE_LIMIT
2025-07-06 15:19:24,760 - WARNING - API返回错误: CUQPS_HAS_EXCEEDED_THE_LIMIT
2025-07-06 15:19:24,762 - WARNING - API返回错误: CUQPS_HAS_EXCEEDED_THE_LIMIT
2025-07-06 15:19:24,803 - WARNING - API返回错误: CUQPS_HAS_EXCEEDED_THE_LIMIT
2025-07-06 15:19:26,886 - WARNING - API返回错误: CUQPS_HAS_EXCEEDED_THE_LIMIT
2025-07-06 15:19:26,945 - WARNING - API返回错误: CUQPS_HAS_EXCEEDED_THE_LIMIT
2025-07-06 15:19:27,135 - WARNING - API返回错误: CUQPS_HAS_EXCEEDED_THE_LIMIT
2025-07-06 15:19:27,181 - WARNING - API返回错误: CUQPS_HAS_EXCEEDED_THE_LIMIT
2025-07-06 15:20:52,769 - INFO - 进程 0 启动，处理城市数量: 799
2025-07-06 15:20:52,771 - INFO - 进程 1 启动，处理城市数量: 799
2025-07-06 15:20:52,771 - INFO - 进程 2 启动，处理城市数量: 798
2025-07-06 15:20:52,771 - INFO - 进程 3 启动，处理城市数量: 798
2025-07-06 15:20:52,807 - INFO - 密钥列表已刷新
2025-07-06 15:20:52,807 - INFO - 密钥列表已刷新
2025-07-06 15:20:52,807 - INFO - 密钥列表已刷新
2025-07-06 15:20:52,807 - INFO - 密钥列表已刷新
2025-07-06 15:22:09,500 - INFO - 进程 0 启动，处理城市数量: 799
2025-07-06 15:22:09,503 - INFO - 进程 1 启动，处理城市数量: 799
2025-07-06 15:22:09,505 - INFO - 进程 2 启动，处理城市数量: 798
2025-07-06 15:22:09,506 - INFO - 进程 3 启动，处理城市数量: 798
2025-07-06 15:22:09,536 - INFO - 密钥列表已刷新
2025-07-06 15:22:09,538 - INFO - 密钥列表已刷新
2025-07-06 15:22:09,540 - INFO - 密钥列表已刷新
2025-07-06 15:22:09,541 - INFO - 密钥列表已刷新
2025-07-06 15:23:21,982 - INFO - 进程 0 启动，处理城市数量: 799
2025-07-06 15:23:21,982 - INFO - 进程 1 启动，处理城市数量: 799
2025-07-06 15:23:21,982 - INFO - 进程 2 启动，处理城市数量: 798
2025-07-06 15:23:21,983 - INFO - 进程 3 启动，处理城市数量: 798
2025-07-06 15:23:22,019 - INFO - 密钥列表已刷新
2025-07-06 15:23:22,019 - INFO - 密钥列表已刷新
2025-07-06 15:23:22,019 - INFO - 密钥列表已刷新
2025-07-06 15:23:22,020 - INFO - 密钥列表已刷新
2025-07-06 15:23:22,338 - WARNING - API返回错误: CUQPS_HAS_EXCEEDED_THE_LIMIT
2025-07-06 15:23:22,344 - WARNING - API返回错误: CUQPS_HAS_EXCEEDED_THE_LIMIT
2025-07-06 15:23:22,355 - WARNING - API返回错误: CUQPS_HAS_EXCEEDED_THE_LIMIT
2025-07-06 15:23:22,390 - WARNING - API返回错误: CUQPS_HAS_EXCEEDED_THE_LIMIT
2025-07-06 15:23:24,688 - WARNING - API返回错误: CUQPS_HAS_EXCEEDED_THE_LIMIT
2025-07-06 15:23:24,751 - WARNING - API返回错误: CUQPS_HAS_EXCEEDED_THE_LIMIT
2025-07-06 15:23:24,816 - WARNING - API返回错误: CUQPS_HAS_EXCEEDED_THE_LIMIT
2025-07-06 15:23:25,752 - WARNING - API返回错误: CUQPS_HAS_EXCEEDED_THE_LIMIT
2025-07-06 15:23:27,354 - WARNING - API返回错误: CUQPS_HAS_EXCEEDED_THE_LIMIT
2025-07-06 15:23:27,421 - WARNING - API返回错误: CUQPS_HAS_EXCEEDED_THE_LIMIT
2025-07-06 15:23:27,445 - WARNING - API返回错误: CUQPS_HAS_EXCEEDED_THE_LIMIT
2025-07-06 15:23:27,884 - WARNING - API返回错误: CUQPS_HAS_EXCEEDED_THE_LIMIT
2025-07-11 17:10:30,394 - INFO - ===== 开始持续抓取数据 =====
2025-07-11 17:10:30,396 - INFO - 目标URL: https://fx.cmbchina.com/api/v1/fx/rate
2025-07-11 17:10:30,396 - INFO - 开始第 1 次抓取 (时间: 2025-07-11 17:10:30)
2025-07-11 17:10:30,554 - INFO - 成功获取数据，包含 10 条记录
2025-07-11 17:10:30,557 - INFO - API时间: 2025-07-11 17:10:23, 与本地时间差异: 7.40秒
2025-07-11 17:10:30,592 - ERROR - 保存数据到数据库失败: not all arguments converted during string formatting
2025-07-11 17:10:30,592 - INFO - 等待 2.41 秒后进行下一次抓取...
2025-07-11 17:10:33,005 - INFO - 开始第 2 次抓取 (时间: 2025-07-11 17:10:33)
2025-07-11 17:10:33,515 - INFO - 成功获取数据，包含 10 条记录
2025-07-11 17:10:33,516 - INFO - API时间: 2025-07-11 17:10:23, 与本地时间差异: 10.01秒
2025-07-11 17:10:33,535 - ERROR - 保存数据到数据库失败: not all arguments converted during string formatting
2025-07-11 17:10:33,536 - WARNING - 检测到时间差为负 (-0.54秒)，可能API更新时间不规则
2025-07-11 17:10:33,536 - INFO - 等待 0.00 秒后进行下一次抓取...
2025-07-11 17:10:33,536 - INFO - 开始第 3 次抓取 (时间: 2025-07-11 17:10:33)
2025-07-11 17:10:33,684 - INFO - 成功获取数据，包含 10 条记录
2025-07-11 17:10:33,686 - INFO - API时间: 2025-07-11 17:10:23, 与本地时间差异: 10.54秒
2025-07-11 17:10:33,702 - ERROR - 保存数据到数据库失败: not all arguments converted during string formatting
2025-07-11 17:10:33,702 - WARNING - 检测到时间差为负 (-0.70秒)，可能API更新时间不规则
2025-07-11 17:10:33,702 - INFO - 等待 0.00 秒后进行下一次抓取...
2025-07-11 17:10:33,702 - INFO - 开始第 4 次抓取 (时间: 2025-07-11 17:10:33)
2025-07-11 17:10:33,889 - INFO - 成功获取数据，包含 10 条记录
2025-07-11 17:10:33,889 - INFO - API时间: 2025-07-11 17:10:23, 与本地时间差异: 10.70秒
2025-07-11 17:10:33,900 - ERROR - 保存数据到数据库失败: not all arguments converted during string formatting
2025-07-11 17:10:33,900 - WARNING - 检测到时间差为负 (-0.90秒)，可能API更新时间不规则
2025-07-11 17:10:33,900 - INFO - 等待 0.00 秒后进行下一次抓取...
2025-07-11 17:10:33,900 - INFO - 开始第 5 次抓取 (时间: 2025-07-11 17:10:33)
2025-07-11 17:10:34,119 - INFO - 成功获取数据，包含 10 条记录
2025-07-11 17:10:34,120 - INFO - API时间: 2025-07-11 17:10:23, 与本地时间差异: 10.90秒
2025-07-11 17:10:34,132 - ERROR - 保存数据到数据库失败: not all arguments converted during string formatting
2025-07-11 17:10:34,133 - WARNING - 检测到时间差为负 (-1.13秒)，可能API更新时间不规则
2025-07-11 17:10:34,133 - INFO - 等待 0.00 秒后进行下一次抓取...
2025-07-11 17:10:34,133 - INFO - 开始第 6 次抓取 (时间: 2025-07-11 17:10:34)
2025-07-11 17:10:34,287 - INFO - 成功获取数据，包含 10 条记录
2025-07-11 17:10:34,288 - INFO - API时间: 2025-07-11 17:10:23, 与本地时间差异: 11.13秒
2025-07-11 17:10:34,306 - ERROR - 保存数据到数据库失败: not all arguments converted during string formatting
2025-07-11 17:10:34,306 - WARNING - 检测到时间差为负 (-1.31秒)，可能API更新时间不规则
2025-07-11 17:10:34,306 - INFO - 等待 0.00 秒后进行下一次抓取...
2025-07-11 17:10:34,306 - INFO - 开始第 7 次抓取 (时间: 2025-07-11 17:10:34)
2025-07-11 17:10:34,467 - INFO - 成功获取数据，包含 10 条记录
2025-07-11 17:10:34,468 - INFO - API时间: 2025-07-11 17:10:23, 与本地时间差异: 11.31秒
2025-07-11 17:10:34,485 - ERROR - 保存数据到数据库失败: not all arguments converted during string formatting
2025-07-11 17:10:34,485 - WARNING - 检测到时间差为负 (-1.49秒)，可能API更新时间不规则
2025-07-11 17:10:34,486 - INFO - 等待 0.00 秒后进行下一次抓取...
2025-07-11 17:10:34,486 - INFO - 开始第 8 次抓取 (时间: 2025-07-11 17:10:34)
2025-07-11 17:10:34,646 - INFO - 成功获取数据，包含 10 条记录
2025-07-11 17:10:34,648 - INFO - API时间: 2025-07-11 17:10:33, 与本地时间差异: 1.49秒
2025-07-11 17:10:34,666 - ERROR - 保存数据到数据库失败: not all arguments converted during string formatting
2025-07-11 17:10:34,666 - INFO - 等待 8.33 秒后进行下一次抓取...
2025-07-11 17:10:37,928 - INFO - 程序被用户中断
2025-07-11 20:40:08,953 - INFO - 成功插入 10 条记录
2025-07-11 20:51:56,838 - INFO - 成功插入 10 条记录
2025-07-11 20:54:21,882 - INFO - 成功插入 10 条记录
2025-07-12 09:21:14,331 - INFO - 成功插入 10 条记录
2025-07-12 09:21:24,485 - INFO - 成功插入 10 条记录
2025-07-12 09:21:34,638 - INFO - 成功插入 10 条记录
2025-07-12 09:21:44,802 - INFO - 成功插入 10 条记录
2025-07-12 09:21:54,944 - INFO - 成功插入 10 条记录
2025-07-12 10:21:52,140 - INFO - 成功插入 10 条记录
2025-07-12 10:22:02,281 - INFO - 成功插入 10 条记录
2025-07-12 10:22:12,727 - INFO - 成功插入 10 条记录
2025-07-12 10:22:22,884 - INFO - 成功插入 10 条记录
2025-07-12 10:22:33,070 - INFO - 成功插入 10 条记录
2025-07-12 10:22:43,223 - INFO - 成功插入 10 条记录
2025-07-12 10:22:53,376 - INFO - 成功插入 10 条记录
2025-07-12 10:23:03,531 - INFO - 成功插入 10 条记录
2025-07-12 10:23:13,682 - INFO - 成功插入 10 条记录
2025-07-12 10:23:23,843 - INFO - 成功插入 10 条记录
2025-07-12 10:23:33,994 - INFO - 成功插入 10 条记录
2025-07-12 10:23:44,168 - INFO - 成功插入 10 条记录
2025-07-12 10:23:54,392 - INFO - 成功插入 10 条记录
2025-07-12 10:24:04,551 - INFO - 成功插入 10 条记录
2025-07-12 10:24:14,721 - INFO - 成功插入 10 条记录
2025-07-12 10:24:24,874 - INFO - 成功插入 10 条记录
2025-07-12 10:24:35,044 - INFO - 成功插入 10 条记录
2025-07-12 10:24:45,207 - INFO - 成功插入 10 条记录
2025-07-12 10:24:55,378 - INFO - 成功插入 10 条记录
